#
# A fatal error has been detected by the Java Runtime Environment:
#
#  Internal Error (os_windows_x86.cpp:144), pid=15352, tid=9564
#  guarantee(result == EXCEPTION_CONTINUE_EXECUTION) failed: Unexpected result from topLevelExceptionFilter
#
# JRE version: Java(TM) SE Runtime Environment (22.0.1+8) (build 22.0.1+8-16)
# Java VM: Java HotSpot(TM) 64-Bit Server VM (22.0.1+8-16, mixed mode, sharing, tiered, compressed oops, compressed class ptrs, g1 gc, windows-amd64)
# No core dump will be written. Minidumps are not enabled by default on client versions of Windows
#
# If you would like to submit a bug report, please visit:
#   https://bugreport.java.com/bugreport/crash.jsp
# The crash happened outside the Java Virtual Machine in native code.
# See problematic frame for where to report the bug.
#

---------------  S U M M A R Y ------------

Command Line: -Dfile.encoding=UTF8 -ea -Xmx1024m 

Host: Intel(R) Core(TM) i7-10510U CPU @ 1.80GHz, 8 cores, 15G,  Windows 11 , 64 bit Build 22621 (10.0.22621.3527)
Time: Tue May 28 12:27:00 2024 대한민국 표준시 elapsed time: 0.451956 seconds (0d 0h 0m 0s)

---------------  T H R E A D  ---------------

Current thread (0x000001f2b12acf40):  JavaThread "Python Reference Queue" daemon [_thread_in_native, id=9564, stack(0x000000ed01b20000,0x000000ed01d10000) (1984K)]

Stack: [0x000000ed01b20000,0x000000ed01d10000]
Native frames: (J=compiled Java code, j=interpreted, Vv=VM code, C=native code)
C  0x00007ffc6be02279  (no source info available)
C  0x00007ffc6bf94e33  (no source info available)
C  0x00007ffc6bf9725e  (no source info available)
C  0x00007ffc6bf978e7  (no source info available)
C  0x00007ffc6b99fcf7  (no source info available)
C  0x00007ffc6be01ca3  (no source info available)
C  [ntdll.dll+0xa49ff]  (no source info available)
C  [ntdll.dll+0x1e466]  (no source info available)
C  [ntdll.dll+0xa39ee]  (no source info available)
C  0x00007ffc6d688b9d  (no source info available)
C  0x00007ffc6d688bd2  (no source info available)
C  0x00007ffc6d5b2de4  (no source info available)
C  0x00007ffc6d5b54f3  (no source info available)
C  0x00007ffc6f604963  (no source info available)
C  [python311.dll+0x15e76e]  subtype_clear+0xee  (typeobject.c:1279)
C  [python311.dll+0x762e3]  delete_garbage+0x133  (gcmodule.c:1014)
C  [python311.dll+0x76a24]  gc_collect_main+0x584  (gcmodule.c:1291)
C  [python311.dll+0x77025]  gc_collect_with_callback+0x45  (gcmodule.c:1401)
C  [python311.dll+0x77ff4]  PyGC_Collect+0x94  (gcmodule.c:2087)
C  0x00007ffc6c689054  (no source info available)
C  0x000001f2c2cfcfc7  (no source info available)

The last pc belongs to native method entry point (kind = native) (printed below).
Java frames: (J=compiled Java code, j=interpreted, Vv=VM code)
j  org.jpype.ref.JPypeReferenceNative.wake()V+0
j  org.jpype.ref.JPypeReferenceQueue$Worker.run()V+42
j  java.lang.Thread.runWith(Ljava/lang/Object;Ljava/lang/Runnable;)V+5 java.base@22.0.1
j  java.lang.Thread.run()V+19 java.base@22.0.1
v  ~StubRoutines::call_stub 0x000001f2c2cf100d
native method entry point (kind = native)  [0x000001f2c2cfcba0, 0x000001f2c2cfd6c0]  2848 bytes
[MachCode]
  0x000001f2c2cfcba0: 488b 4b08 | 0fb7 492e | 584c 8d74 | ccf8 6800 | 0000 0068 | 0000 0000 | 5055 488b | ec41 5568 
  0x000001f2c2cfcbc0: 0000 0000 | 4c8b 6b08 | 4d8d 6d38 | 5348 8b53 | 0848 8b52 | 0848 8b52 | 1848 8b52 | 7048 8b12 
  0x000001f2c2cfcbe0: 5248 8b53 | 1048 85d2 | 0f84 0700 | 0000 4881 | c210 0100 | 0052 488b | 5308 488b | 5208 488b 
  0x000001f2c2cfcc00: 5210 5249 | 8bc6 482b | c548 c1e8 | 0350 6800 | 0000 0068 | f7ff ffff | 41c6 8781 | 0400 0001 
  0x000001f2c2cfcc20: 488b 4310 | 4885 c074 | 208b 88cc | 0000 0083 | c102 8988 | cc00 0000 | 2388 e000 | 0000 0f84 
  0x000001f2c2cfcc40: cb09 0000 | e9cf 0000 | 0048 8b43 | 1848 85c0 | 0f85 b000 | 0000 e805 | 0000 00e9 | 9900 0000 
  0x000001f2c2cfcc60: 488b d348 | 8d44 2408 | 4c89 6dc0 | 498b cfc5 | f877 4989 | afb0 0300 | 0049 8987 | a003 0000 
  0x000001f2c2cfcc80: 4883 ec20 | 40f6 c40f | 0f84 1900 | 0000 4883 | ec08 48b8 | a0a3 af6b | fc7f 0000 | ffd0 4883 
  0x000001f2c2cfcca0: c408 e90c | 0000 0048 | b8a0 a3af | 6bfc 7f00 | 00ff d048 | 83c4 2049 | c787 a003 | 0000 0000 
  0x000001f2c2cfccc0: 0000 49c7 | 87b0 0300 | 0000 0000 | 0049 c787 | a803 0000 | 0000 0000 | c5f8 7749 | 837f 0800 
  0x000001f2c2cfcce0: 0f84 0500 | 0000 e915 | 42ff ff4c | 8b6d c04c | 8b75 c84e | 8d74 f500 | c348 8b43 | 1848 85c0 
  0x000001f2c2cfcd00: 0f84 1200 | 0000 8b48 | 0883 c102 | 8948 0823 | 481c 0f84 | f708 0000 | 493b a7f0 | 0400 000f 
  0x000001f2c2cfcd20: 8748 0000 | 0089 8424 | 00f0 ffff | 8984 2400 | e0ff ff89 | 8424 00d0 | ffff 8984 | 2400 c0ff 
  0x000001f2c2cfcd40: ff89 8424 | 00b0 ffff | 8984 2400 | a0ff ff89 | 8424 0090 | ffff 8984 | 2400 80ff | ff49 3ba7 
  0x000001f2c2cfcd60: e804 0000 | 7607 4989 | a7f0 0400 | 0041 c687 | 8104 0000 | 0049 ba9c | 3036 6cfc | 7f00 0041 
  0x000001f2c2cfcd80: 803a 000f | 843e 0000 | 0048 8b55 | e849 8bcf | 4883 ec20 | 40f6 c40f | 0f84 1900 | 0000 4883 
  0x000001f2c2cfcda0: ec08 48b8 | 40b5 e66b | fc7f 0000 | ffd0 4883 | c408 e90c | 0000 0048 | b840 b5e6 | 6bfc 7f00 
  0x000001f2c2cfcdc0: 00ff d048 | 83c4 2048 | 8b5d e84c | 8b5b 0845 | 0fb7 5b2e | 41c1 e303 | 492b e348 | 83ec 2048 
  0x000001f2c2cfcde0: 83e4 f04c | 8b5b 604d | 85db 0f85 | ab00 0000 | e805 0000 | 00e9 9900 | 0000 488b | d348 8d44 
  0x000001f2c2cfce00: 2408 4c89 | 6dc0 498b | cfc5 f877 | 4989 afb0 | 0300 0049 | 8987 a003 | 0000 4883 | ec20 40f6 
  0x000001f2c2cfce20: c40f 0f84 | 1900 0000 | 4883 ec08 | 48b8 c0ca | af6b fc7f | 0000 ffd0 | 4883 c408 | e90c 0000 
  0x000001f2c2cfce40: 0048 b8c0 | caaf 6bfc | 7f00 00ff | d048 83c4 | 2049 c787 | a003 0000 | 0000 0000 | 49c7 87b0 
  0x000001f2c2cfce60: 0300 0000 | 0000 0049 | c787 a803 | 0000 0000 | 0000 c5f8 | 7749 837f | 0800 0f84 | 0500 0000 
  0x000001f2c2cfce80: e97b 40ff | ff4c 8b6d | c04c 8b75 | c84e 8d74 | f500 c348 | 8b5d e84c | 8b5b 6041 | ffd3 488b 
  0x000001f2c2cfcea0: 5de8 4889 | 4518 448b | 5b28 41f6 | c308 0f84 | 1b00 0000 | 4c8b 5b08 | 4d8b 5b08 | 4d8b 5b18 
  0x000001f2c2cfcec0: 4d8b 5b70 | 4d8b 1b4c | 895d 1048 | 8d55 1048 | 8b43 5849 | ba40 0ce7 | 6bfc 7f00 | 0049 3bc2 
  0x000001f2c2cfcee0: 0f85 ab00 | 0000 e805 | 0000 00e9 | 9900 0000 | 488b d348 | 8d44 2408 | 4c89 6dc0 | 498b cfc5 
  0x000001f2c2cfcf00: f877 4989 | afb0 0300 | 0049 8987 | a003 0000 | 4883 ec20 | 40f6 c40f | 0f84 1900 | 0000 4883 
  0x000001f2c2cfcf20: ec08 48b8 | c0ca af6b | fc7f 0000 | ffd0 4883 | c408 e90c | 0000 0048 | b8c0 caaf | 6bfc 7f00 
  0x000001f2c2cfcf40: 00ff d048 | 83c4 2049 | c787 a003 | 0000 0000 | 0000 49c7 | 87b0 0300 | 0000 0000 | 0049 c787 
  0x000001f2c2cfcf60: a803 0000 | 0000 0000 | c5f8 7749 | 837f 0800 | 0f84 0500 | 0000 e985 | 3fff ff4c | 8b6d c04c 
  0x000001f2c2cfcf80: 8b75 c84e | 8d74 f500 | c348 8b5d | e848 8b43 | 5849 8d8f | c003 0000 | c5f8 7749 | 89af b003 
  0x000001f2c2cfcfa0: 0000 49ba | 98cf cfc2 | f201 0000 | 4d89 97a8 | 0300 0049 | 89a7 a003 | 0000 41c7 | 8754 0400 
  0x000001f2c2cfcfc0: 0004 0000 | 00ff d0c5 | f877 4883 | ec10 c5fb | 1104 2448 | 83ec 1048 | 8904 2448 | c744 2408 
  0x000001f2c2cfcfe0: 0000 0000 | 41c7 8754 | 0400 0005 | 0000 00f0 | 8344 24c0 | 0049 3baf | 5804 0000 | 0f87 0e00 
  0x000001f2c2cfd000: 0000 4183 | bf50 0400 | 0000 0f84 | 2000 0000 | 498b cf4c | 8be4 4883 | ec20 4883 | e4f0 48b8 
  0x000001f2c2cfd020: d01e b16b | fc7f 0000 | ffd0 498b | e44d 33e4 | 41c7 8754 | 0400 0008 | 0000 0049 | c787 a003 
  0x000001f2c2cfd040: 0000 0000 | 0000 49c7 | 87b0 0300 | 0000 0000 | 0049 c787 | a803 0000 | 0000 0000 | c5f8 774d 
  0x000001f2c2cfd060: 8b9f 3004 | 0000 41c7 | 8300 0100 | 0000 0000 | 0049 bb1a | a5cf c2f2 | 0100 004c | 3b5d 180f 
  0x000001f2c2cfd080: 8524 0200 | 0048 8b04 | 2448 83c4 | 1048 85c0 | 0f84 fe01 | 0000 a803 | 0f85 0800 | 0000 488b 
  0x000001f2c2cfd0a0: 00e9 ee01 | 0000 a801 | 0f85 0900 | 0000 488b | 40fe e9dd | 0100 0048 | 8b40 ff41 | 807f 3800 
  0x000001f2c2cfd0c0: 0f84 ce01 | 0000 4883 | f800 0f84 | c401 0000 | 4d8b 5f28 | 4983 fb00 | 0f84 1400 | 0000 4983 
  0x000001f2c2cfd0e0: eb08 4d89 | 5f28 4d03 | 5f30 4989 | 03e9 a201 | 0000 4881 | ecd0 0000 | 0048 8904 | 2448 894c 
  0x000001f2c2cfd100: 2408 4889 | 5424 1048 | 8974 2418 | 4889 7c24 | 204c 8944 | 2428 4c89 | 4c24 304c | 8954 2438 
  0x000001f2c2cfd120: 4c89 5c24 | 40c5 fb11 | 4424 50c5 | fb11 4c24 | 58c5 fb11 | 5424 60c5 | fb11 5c24 | 68c5 fb11 
  0x000001f2c2cfd140: 6424 70c5 | fb11 6c24 | 78c5 fb11 | b424 8000 | 0000 c5fb | 11bc 2488 | 0000 00c5 | 7b11 8424 
  0x000001f2c2cfd160: 9000 0000 | c57b 118c | 2498 0000 | 00c5 7b11 | 9424 a000 | 0000 c57b | 119c 24a8 | 0000 00c5 
  0x000001f2c2cfd180: 7b11 a424 | b000 0000 | c57b 11ac | 24b8 0000 | 00c5 7b11 | b424 c000 | 0000 c57b | 11bc 24c8 
  0x000001f2c2cfd1a0: 0000 0049 | 8bd7 488b | c848 83ec | 2040 f6c4 | 0f0f 8419 | 0000 0048 | 83ec 0848 | b8e0 3ea4 
  0x000001f2c2cfd1c0: 6bfc 7f00 | 00ff d048 | 83c4 08e9 | 0c00 0000 | 48b8 e03e | a46b fc7f | 0000 ffd0 | 4883 c420 
  0x000001f2c2cfd1e0: c57b 10bc | 24c8 0000 | 00c5 7b10 | b424 c000 | 0000 c57b | 10ac 24b8 | 0000 00c5 | 7b10 a424 
  0x000001f2c2cfd200: b000 0000 | c57b 109c | 24a8 0000 | 00c5 7b10 | 9424 a000 | 0000 c57b | 108c 2498 | 0000 00c5 
  0x000001f2c2cfd220: 7b10 8424 | 9000 0000 | c5fb 10bc | 2488 0000 | 00c5 fb10 | b424 8000 | 0000 c5fb | 106c 2478 
  0x000001f2c2cfd240: c5fb 1064 | 2470 c5fb | 105c 2468 | c5fb 1054 | 2460 c5fb | 104c 2458 | c5fb 1044 | 2450 4c8b 
  0x000001f2c2cfd260: 5c24 404c | 8b54 2438 | 4c8b 4c24 | 304c 8b44 | 2428 488b | 7c24 2048 | 8b74 2418 | 488b 5424 
  0x000001f2c2cfd280: 1048 8b4c | 2408 488b | 0424 4881 | c4d0 0000 | 00c5 f877 | 4889 4510 | 4883 ec10 | 4889 0424 
  0x000001f2c2cfd2a0: 48c7 4424 | 0800 0000 | 0041 83bf | d004 0000 | 020f 85bf | 0000 0048 | 81ec 8000 | 0000 4889 
  0x000001f2c2cfd2c0: 4424 7848 | 894c 2470 | 4889 5424 | 6848 895c | 2460 4889 | 6c24 5048 | 8974 2448 | 4889 7c24 
  0x000001f2c2cfd2e0: 404c 8944 | 2438 4c89 | 4c24 304c | 8954 2428 | 4c89 5c24 | 204c 8964 | 2418 4c89 | 6c24 104c 
  0x000001f2c2cfd300: 8974 2408 | 4c89 3c24 | 4c8b e448 | 83ec 2048 | 83e4 f048 | b890 ede6 | 6bfc 7f00 | 00ff d049 
  0x000001f2c2cfd320: 8be4 4c8b | 3c24 4c8b | 7424 084c | 8b6c 2410 | 4c8b 6424 | 184c 8b5c | 2420 4c8b | 5424 284c 
  0x000001f2c2cfd340: 8b4c 2430 | 4c8b 4424 | 3848 8b7c | 2440 488b | 7424 4848 | 8b6c 2450 | 488b 5c24 | 6048 8b54 
  0x000001f2c2cfd360: 2468 488b | 4c24 7048 | 8b44 2478 | 4881 c480 | 0000 004d | 33e4 488b | 5de8 4c8b | 6b08 4d8d 
  0x000001f2c2cfd380: 6d38 4983 | 7f08 000f | 84bb 0000 | 00e8 0500 | 0000 e996 | 0000 0048 | 8d44 2408 | 4c89 6dc0 
  0x000001f2c2cfd3a0: 498b cfc5 | f877 4989 | afb0 0300 | 0049 8987 | a003 0000 | 4883 ec20 | 40f6 c40f | 0f84 1900 
  0x000001f2c2cfd3c0: 0000 4883 | ec08 48b8 | 00e9 af6b | fc7f 0000 | ffd0 4883 | c408 e90c | 0000 0048 | b800 e9af 
  0x000001f2c2cfd3e0: 6bfc 7f00 | 00ff d048 | 83c4 2049 | c787 a003 | 0000 0000 | 0000 49c7 | 87b0 0300 | 0000 0000 
  0x000001f2c2cfd400: 0049 c787 | a803 0000 | 0000 0000 | c5f8 7749 | 837f 0800 | 0f84 0500 | 0000 e9e1 | 3aff ff4c 
  0x000001f2c2cfd420: 8b6d c04c | 8b75 c84e | 8d74 f500 | c348 b9c0 | 180e 6cfc | 7f00 0048 | 83e4 f048 | b8c0 94d5 
  0x000001f2c2cfd440: 6bfc 7f00 | 00ff d0f4 | 448b 5b28 | 41f6 c320 | 0f84 4401 | 0000 488d | 55a8 4c8b | 5a08 4d85 
  0x000001f2c2cfd460: db0f 85bb | 0000 00e8 | 0500 0000 | e996 0000 | 0048 8d44 | 2408 4c89 | 6dc0 498b | cfc5 f877 
  0x000001f2c2cfd480: 4989 afb0 | 0300 0049 | 8987 a003 | 0000 4883 | ec20 40f6 | c40f 0f84 | 1900 0000 | 4883 ec08 
  0x000001f2c2cfd4a0: 48b8 30e8 | af6b fc7f | 0000 ffd0 | 4883 c408 | e90c 0000 | 0048 b830 | e8af 6bfc | 7f00 00ff 
  0x000001f2c2cfd4c0: d048 83c4 | 2049 c787 | a003 0000 | 0000 0000 | 49c7 87b0 | 0300 0000 | 0000 0049 | c787 a803 
  0x000001f2c2cfd4e0: 0000 0000 | 0000 c5f8 | 7749 837f | 0800 0f84 | 0500 0000 | e907 3aff | ff4c 8b6d | c04c 8b75 
  0x000001f2c2cfd500: c84e 8d74 | f500 c348 | b9c0 180e | 6cfc 7f00 | 0048 83e4 | f048 b8c0 | 94d5 6bfc | 7f00 00ff 
  0x000001f2c2cfd520: d0f4 4c89 | 6dc0 488d | 024c 8b4a | 0848 c742 | 0800 0000 | 004c 8b00 | 4d85 c00f | 840b 0000 
  0x000001f2c2cfd540: 00f0 4d0f | b101 0f85 | 0c00 0000 | 49ff 8f58 | 0500 00e9 | 3e00 0000 | 4c89 4a08 | 488b ca48 
  0x000001f2c2cfd560: 83ec 2040 | f6c4 0f0f | 8419 0000 | 0048 83ec | 0848 b8c0 | baaf 6bfc | 7f00 00ff | d048 83c4 
  0x000001f2c2cfd580: 08e9 0c00 | 0000 48b8 | c0ba af6b | fc7f 0000 | ffd0 4883 | c420 4c8b | 6dc0 49ba | 9c30 366c 
  0x000001f2c2cfd5a0: fc7f 0000 | 4180 3a00 | 0f84 3e00 | 0000 488b | 55e8 498b | cf48 83ec | 2040 f6c4 | 0f0f 8419 
  0x000001f2c2cfd5c0: 0000 0048 | 83ec 0848 | b840 b5e6 | 6bfc 7f00 | 00ff d048 | 83c4 08e9 | 0c00 0000 | 48b8 40b5 
  0x000001f2c2cfd5e0: e66b fc7f | 0000 ffd0 | 4883 c420 | 488b 0424 | 4883 c410 | c5fb 1004 | 2448 83c4 | 104c 8b5d 
  0x000001f2c2cfd600: 1841 ffd3 | 4c8b 5df8 | c95f 498b | e3ff e7ba | 0000 0000 | e805 0000 | 00e9 9600 | 0000 488d 
  0x000001f2c2cfd620: 4424 084c | 896d c049 | 8bcf c5f8 | 7749 89af | b003 0000 | 4989 87a0 | 0300 0048 | 83ec 2040 
  0x000001f2c2cfd640: f6c4 0f0f | 8419 0000 | 0048 83ec | 0848 b880 | aeaf 6bfc | 7f00 00ff | d048 83c4 | 08e9 0c00 
  0x000001f2c2cfd660: 0000 48b8 | 80ae af6b | fc7f 0000 | ffd0 4883 | c420 49c7 | 87a0 0300 | 0000 0000 | 0049 c787 
  0x000001f2c2cfd680: b003 0000 | 0000 0000 | 49c7 87a8 | 0300 0000 | 0000 00c5 | f877 4983 | 7f08 000f | 8405 0000 
  0x000001f2c2cfd6a0: 00e9 5a38 | ffff 4c8b | 6dc0 4c8b | 75c8 4e8d | 74f5 00c3 | 488b 5de8 | e95b f6ff | ff66 6690 
[/MachCode]

---------------  P R O C E S S  ---------------

Threads class SMR info:
_java_thread_list=0x000001f2b110f3f0, length=14, elements={
0x000001f2ad9d79b0, 0x000001f2ad9d86d0, 0x000001f2ad9d4530, 0x000001f2ad9d8d60,
0x000001f2ad9d3810, 0x000001f2b12abb90, 0x000001f2b12afd30, 0x000001f2ad962d30,
0x000001f2ad963400, 0x000001f2b12ac8b0, 0x000001f2b12ad5d0, 0x000001f2b12acf40,
0x000001f2ad963ad0, 0x000001f2ad9641a0
}

Java Threads: ( => current thread )
  0x000001f2ad9d79b0 JavaThread "main"                              [_thread_in_native, id=7548, stack(0x000000ed7b600000,0x000000ed7b7f0000) (1984K)]
  0x000001f2ad9d86d0 JavaThread "Reference Handler"          daemon [_thread_blocked, id=14368, stack(0x000000ed007c0000,0x000000ed009b0000) (1984K)]
  0x000001f2ad9d4530 JavaThread "Finalizer"                  daemon [_thread_blocked, id=3412, stack(0x000000ed009b0000,0x000000ed00ba0000) (1984K)]
  0x000001f2ad9d8d60 JavaThread "Signal Dispatcher"          daemon [_thread_blocked, id=3552, stack(0x000000ed00ba0000,0x000000ed00d90000) (1984K)]
  0x000001f2ad9d3810 JavaThread "Attach Listener"            daemon [_thread_blocked, id=8260, stack(0x000000ed00d90000,0x000000ed00f80000) (1984K)]
  0x000001f2b12abb90 JavaThread "Service Thread"             daemon [_thread_blocked, id=13488, stack(0x000000ed00f80000,0x000000ed01170000) (1984K)]
  0x000001f2b12afd30 JavaThread "Monitor Deflation Thread"   daemon [_thread_blocked, id=8924, stack(0x000000ed01170000,0x000000ed01360000) (1984K)]
  0x000001f2ad962d30 JavaThread "C2 CompilerThread0"         daemon [_thread_in_native, id=5612, stack(0x000000ed01360000,0x000000ed01550000) (1984K)]
  0x000001f2ad963400 JavaThread "C1 CompilerThread0"         daemon [_thread_blocked, id=8668, stack(0x000000ed01550000,0x000000ed01740000) (1984K)]
  0x000001f2b12ac8b0 JavaThread "Notification Thread"        daemon [_thread_blocked, id=7344, stack(0x000000ed01740000,0x000000ed01930000) (1984K)]
  0x000001f2b12ad5d0 JavaThread "Common-Cleaner"             daemon [_thread_blocked, id=13464, stack(0x000000ed01930000,0x000000ed01b20000) (1984K)]
=>0x000001f2b12acf40 JavaThread "Python Reference Queue"     daemon [_thread_in_native, id=9564, stack(0x000000ed01b20000,0x000000ed01d10000) (1984K)]
  0x000001f2ad963ad0 JavaThread "C2 CompilerThread1"         daemon [_thread_in_native, id=5860, stack(0x000000ed02aa0000,0x000000ed02c90000) (1984K)]
  0x000001f2ad9641a0 JavaThread "C2 CompilerThread2"         daemon [_thread_in_native, id=5416, stack(0x000000ed02c90000,0x000000ed02e80000) (1984K)]
Total: 14

Other Threads:
  0x000001f2b064bba0 VMThread "VM Thread"                           [id=5480, stack(0x000000ed005d0000,0x000000ed007c0000) (1984K)]
  0x000001f2ad9dc8f0 WatcherThread "VM Periodic Task Thread"        [id=9492, stack(0x000000ed003e0000,0x000000ed005d0000) (1984K)]
  0x000001f2b064b7f0 WorkerThread "GC Thread#0"                     [id=3232, stack(0x000000ed7f860000,0x000000ed7fa50000) (1984K)]
  0x000001f2b064e7e0 WorkerThread "GC Thread#1"                     [id=7712, stack(0x000000ed01d10000,0x000000ed01f00000) (1984K)]
  0x000001f2b064c6b0 WorkerThread "GC Thread#2"                     [id=11712, stack(0x000000ed01f00000,0x000000ed020f0000) (1984K)]
  0x000001f2b0650910 WorkerThread "GC Thread#3"                     [id=10344, stack(0x000000ed020f0000,0x000000ed022e0000) (1984K)]
  0x000001f2b064bf50 WorkerThread "GC Thread#4"                     [id=11208, stack(0x000000ed022e0000,0x000000ed024d0000) (1984K)]
  0x000001f2b06501b0 WorkerThread "GC Thread#5"                     [id=6304, stack(0x000000ed024d0000,0x000000ed026c0000) (1984K)]
  0x000001f2b04e5650 ConcurrentGCThread "G1 Main Marker"            [id=3364, stack(0x000000ed7fa50000,0x000000ed7fc40000) (1984K)]
  0x000001f2b064f6a0 WorkerThread "G1 Conc#0"                       [id=12784, stack(0x000000ed7fc40000,0x000000ed7fe30000) (1984K)]
  0x000001f2b09191e0 ConcurrentGCThread "G1 Refine#0"               [id=6536, stack(0x000000ed00000000,0x000000ed001f0000) (1984K)]
  0x000001f2ad8d5210 ConcurrentGCThread "G1 Service"                [id=10540, stack(0x000000ed001f0000,0x000000ed003e0000) (1984K)]
Total: 12

Threads with active compile tasks:
C2 CompilerThread0  2930  964       4       jdk.internal.jimage.ImageReader$Resource::create (17 bytes)
C2 CompilerThread1  2930  987       4       jdk.internal.jimage.ImageReader$SharedImageReader::lambda$handleModulesSubTree$1 (58 bytes)
C2 CompilerThread2  2931  933       4       jdk.internal.jimage.ImageLocation::getFullName (109 bytes)
Total: 3

VM state: not at safepoint (normal execution)

VM Mutex/Monitor currently owned by a thread: None

Heap address: 0x00000000c0000000, size: 1024 MB, Compressed Oops mode: 32-bit

CDS archive(s) mapped at: [0x000001f2cf000000-0x000001f2cfc60000-0x000001f2cfc60000), size 12976128, SharedBaseAddress: 0x000001f2cf000000, ArchiveRelocationMode: 1.
Compressed class space mapped at: 0x000001f2d0000000-0x000001f310000000, reserved size: 1073741824
Narrow klass base: 0x000001f2cf000000, Narrow klass shift: 0, Narrow klass range: 0x41000000

GC Precious Log:
 CardTable entry size: 512
 Card Set container configuration: InlinePtr #cards 5 size 8 Array Of Cards #cards 12 size 40 Howl #buckets 4 coarsen threshold 1843 Howl Bitmap #cards 512 size 80 coarsen threshold 460 Card regions per heap region 1 cards per card region 2048
 CPUs: 8 total, 8 available
 Memory: 16221M
 Large Page Support: Disabled
 NUMA Support: Disabled
 Compressed Oops: Enabled (32-bit)
 Heap Region Size: 1M
 Heap Min Capacity: 8M
 Heap Initial Capacity: 254M
 Heap Max Capacity: 1G
 Pre-touch: Disabled
 Parallel Workers: 8
 Concurrent Workers: 2
 Concurrent Refinement Workers: 8
 Periodic GC: Disabled

Heap:
 garbage-first heap   total reserved 1048576K, committed 140288K, used 8890K [0x00000000c0000000, 0x0000000100000000)
  region size 1024K, 7 young (7168K), 2 survivors (2048K)
 Metaspace       used 3568K, committed 3840K, reserved 1114112K
  class space    used 383K, committed 512K, reserved 1048576K

Heap Regions: E=young(eden), S=young(survivor), O=old, HS=humongous(starts), HC=humongous(continues), CS=collection set, F=free, TAMS=top-at-mark-start, PB=parsable bottom
|   0|0x00000000c0000000, 0x00000000c0056e10, 0x00000000c0100000| 33%| O|  |TAMS 0x00000000c0000000| PB 0x00000000c0000000| Untracked |  0
|   1|0x00000000c0100000, 0x00000000c0176b80, 0x00000000c0200000| 46%| O|  |TAMS 0x00000000c0100000| PB 0x00000000c0100000| Untracked |  0
|   2|0x00000000c0200000, 0x00000000c021c058, 0x00000000c0300000| 10%| O|  |TAMS 0x00000000c0200000| PB 0x00000000c0200000| Untracked |  0
|   3|0x00000000c0300000, 0x00000000c032dcc8, 0x00000000c0400000| 17%| O|  |TAMS 0x00000000c0300000| PB 0x00000000c0300000| Untracked |  0
|   4|0x00000000c0400000, 0x00000000c0437a00, 0x00000000c0500000| 21%| O|  |TAMS 0x00000000c0400000| PB 0x00000000c0400000| Untracked |  0
|   5|0x00000000c0500000, 0x00000000c05783e8, 0x00000000c0600000| 46%| O|  |TAMS 0x00000000c0500000| PB 0x00000000c0500000| Untracked |  0
|   6|0x00000000c0600000, 0x00000000c0700000, 0x00000000c0700000|100%| O|  |TAMS 0x00000000c0600000| PB 0x00000000c0600000| Untracked |  0
|   7|0x00000000c0700000, 0x00000000c0800000, 0x00000000c0800000|100%| O|  |TAMS 0x00000000c0700000| PB 0x00000000c0700000| Untracked |  0
|   8|0x00000000c0800000, 0x00000000c087f350, 0x00000000c0900000| 49%| O|  |TAMS 0x00000000c0800000| PB 0x00000000c0800000| Untracked |  0
|   9|0x00000000c0900000, 0x00000000c0968100, 0x00000000c0a00000| 40%| S|CS|TAMS 0x00000000c0900000| PB 0x00000000c0900000| Complete |  0
|  10|0x00000000c0a00000, 0x00000000c0b00000, 0x00000000c0b00000|100%| S|CS|TAMS 0x00000000c0a00000| PB 0x00000000c0a00000| Complete |  0
|  11|0x00000000c0b00000, 0x00000000c0b00000, 0x00000000c0c00000|  0%| F|  |TAMS 0x00000000c0b00000| PB 0x00000000c0b00000| Untracked |  0
|  12|0x00000000c0c00000, 0x00000000c0c00000, 0x00000000c0d00000|  0%| F|  |TAMS 0x00000000c0c00000| PB 0x00000000c0c00000| Untracked |  0
|  13|0x00000000c0d00000, 0x00000000c0d00000, 0x00000000c0e00000|  0%| F|  |TAMS 0x00000000c0d00000| PB 0x00000000c0d00000| Untracked |  0
|  14|0x00000000c0e00000, 0x00000000c0e00000, 0x00000000c0f00000|  0%| F|  |TAMS 0x00000000c0e00000| PB 0x00000000c0e00000| Untracked |  0
|  15|0x00000000c0f00000, 0x00000000c0f00000, 0x00000000c1000000|  0%| F|  |TAMS 0x00000000c0f00000| PB 0x00000000c0f00000| Untracked |  0
|  16|0x00000000c1000000, 0x00000000c1000000, 0x00000000c1100000|  0%| F|  |TAMS 0x00000000c1000000| PB 0x00000000c1000000| Untracked |  0
|  17|0x00000000c1100000, 0x00000000c1100000, 0x00000000c1200000|  0%| F|  |TAMS 0x00000000c1100000| PB 0x00000000c1100000| Untracked |  0
|  18|0x00000000c1200000, 0x00000000c1200000, 0x00000000c1300000|  0%| F|  |TAMS 0x00000000c1200000| PB 0x00000000c1200000| Untracked |  0
|  19|0x00000000c1300000, 0x00000000c1300000, 0x00000000c1400000|  0%| F|  |TAMS 0x00000000c1300000| PB 0x00000000c1300000| Untracked |  0
|  20|0x00000000c1400000, 0x00000000c1400000, 0x00000000c1500000|  0%| F|  |TAMS 0x00000000c1400000| PB 0x00000000c1400000| Untracked |  0
|  21|0x00000000c1500000, 0x00000000c1500000, 0x00000000c1600000|  0%| F|  |TAMS 0x00000000c1500000| PB 0x00000000c1500000| Untracked |  0
|  22|0x00000000c1600000, 0x00000000c1600000, 0x00000000c1700000|  0%| F|  |TAMS 0x00000000c1600000| PB 0x00000000c1600000| Untracked |  0
|  23|0x00000000c1700000, 0x00000000c1700000, 0x00000000c1800000|  0%| F|  |TAMS 0x00000000c1700000| PB 0x00000000c1700000| Untracked |  0
|  24|0x00000000c1800000, 0x00000000c1800000, 0x00000000c1900000|  0%| F|  |TAMS 0x00000000c1800000| PB 0x00000000c1800000| Untracked |  0
|  25|0x00000000c1900000, 0x00000000c1900000, 0x00000000c1a00000|  0%| F|  |TAMS 0x00000000c1900000| PB 0x00000000c1900000| Untracked |  0
|  26|0x00000000c1a00000, 0x00000000c1a00000, 0x00000000c1b00000|  0%| F|  |TAMS 0x00000000c1a00000| PB 0x00000000c1a00000| Untracked |  0
|  27|0x00000000c1b00000, 0x00000000c1b00000, 0x00000000c1c00000|  0%| F|  |TAMS 0x00000000c1b00000| PB 0x00000000c1b00000| Untracked |  0
|  28|0x00000000c1c00000, 0x00000000c1c00000, 0x00000000c1d00000|  0%| F|  |TAMS 0x00000000c1c00000| PB 0x00000000c1c00000| Untracked |  0
|  29|0x00000000c1d00000, 0x00000000c1d00000, 0x00000000c1e00000|  0%| F|  |TAMS 0x00000000c1d00000| PB 0x00000000c1d00000| Untracked |  0
|  30|0x00000000c1e00000, 0x00000000c1e00000, 0x00000000c1f00000|  0%| F|  |TAMS 0x00000000c1e00000| PB 0x00000000c1e00000| Untracked |  0
|  31|0x00000000c1f00000, 0x00000000c1f00000, 0x00000000c2000000|  0%| F|  |TAMS 0x00000000c1f00000| PB 0x00000000c1f00000| Untracked |  0
|  32|0x00000000c2000000, 0x00000000c2000000, 0x00000000c2100000|  0%| F|  |TAMS 0x00000000c2000000| PB 0x00000000c2000000| Untracked |  0
|  33|0x00000000c2100000, 0x00000000c2100000, 0x00000000c2200000|  0%| F|  |TAMS 0x00000000c2100000| PB 0x00000000c2100000| Untracked |  0
|  34|0x00000000c2200000, 0x00000000c2200000, 0x00000000c2300000|  0%| F|  |TAMS 0x00000000c2200000| PB 0x00000000c2200000| Untracked |  0
|  35|0x00000000c2300000, 0x00000000c2300000, 0x00000000c2400000|  0%| F|  |TAMS 0x00000000c2300000| PB 0x00000000c2300000| Untracked |  0
|  36|0x00000000c2400000, 0x00000000c2400000, 0x00000000c2500000|  0%| F|  |TAMS 0x00000000c2400000| PB 0x00000000c2400000| Untracked |  0
|  37|0x00000000c2500000, 0x00000000c2500000, 0x00000000c2600000|  0%| F|  |TAMS 0x00000000c2500000| PB 0x00000000c2500000| Untracked |  0
|  38|0x00000000c2600000, 0x00000000c2600000, 0x00000000c2700000|  0%| F|  |TAMS 0x00000000c2600000| PB 0x00000000c2600000| Untracked |  0
|  39|0x00000000c2700000, 0x00000000c2700000, 0x00000000c2800000|  0%| F|  |TAMS 0x00000000c2700000| PB 0x00000000c2700000| Untracked |  0
|  40|0x00000000c2800000, 0x00000000c2800000, 0x00000000c2900000|  0%| F|  |TAMS 0x00000000c2800000| PB 0x00000000c2800000| Untracked |  0
|  41|0x00000000c2900000, 0x00000000c2900000, 0x00000000c2a00000|  0%| F|  |TAMS 0x00000000c2900000| PB 0x00000000c2900000| Untracked |  0
|  42|0x00000000c2a00000, 0x00000000c2a00000, 0x00000000c2b00000|  0%| F|  |TAMS 0x00000000c2a00000| PB 0x00000000c2a00000| Untracked |  0
|  43|0x00000000c2b00000, 0x00000000c2b00000, 0x00000000c2c00000|  0%| F|  |TAMS 0x00000000c2b00000| PB 0x00000000c2b00000| Untracked |  0
|  44|0x00000000c2c00000, 0x00000000c2c00000, 0x00000000c2d00000|  0%| F|  |TAMS 0x00000000c2c00000| PB 0x00000000c2c00000| Untracked |  0
|  45|0x00000000c2d00000, 0x00000000c2d00000, 0x00000000c2e00000|  0%| F|  |TAMS 0x00000000c2d00000| PB 0x00000000c2d00000| Untracked |  0
|  46|0x00000000c2e00000, 0x00000000c2e00000, 0x00000000c2f00000|  0%| F|  |TAMS 0x00000000c2e00000| PB 0x00000000c2e00000| Untracked |  0
|  47|0x00000000c2f00000, 0x00000000c2f00000, 0x00000000c3000000|  0%| F|  |TAMS 0x00000000c2f00000| PB 0x00000000c2f00000| Untracked |  0
|  48|0x00000000c3000000, 0x00000000c3000000, 0x00000000c3100000|  0%| F|  |TAMS 0x00000000c3000000| PB 0x00000000c3000000| Untracked |  0
|  49|0x00000000c3100000, 0x00000000c3100000, 0x00000000c3200000|  0%| F|  |TAMS 0x00000000c3100000| PB 0x00000000c3100000| Untracked |  0
|  50|0x00000000c3200000, 0x00000000c3200000, 0x00000000c3300000|  0%| F|  |TAMS 0x00000000c3200000| PB 0x00000000c3200000| Untracked |  0
|  51|0x00000000c3300000, 0x00000000c3300000, 0x00000000c3400000|  0%| F|  |TAMS 0x00000000c3300000| PB 0x00000000c3300000| Untracked |  0
|  52|0x00000000c3400000, 0x00000000c3400000, 0x00000000c3500000|  0%| F|  |TAMS 0x00000000c3400000| PB 0x00000000c3400000| Untracked |  0
|  53|0x00000000c3500000, 0x00000000c3500000, 0x00000000c3600000|  0%| F|  |TAMS 0x00000000c3500000| PB 0x00000000c3500000| Untracked |  0
|  54|0x00000000c3600000, 0x00000000c3600000, 0x00000000c3700000|  0%| F|  |TAMS 0x00000000c3600000| PB 0x00000000c3600000| Untracked |  0
|  55|0x00000000c3700000, 0x00000000c3700000, 0x00000000c3800000|  0%| F|  |TAMS 0x00000000c3700000| PB 0x00000000c3700000| Untracked |  0
|  56|0x00000000c3800000, 0x00000000c3800000, 0x00000000c3900000|  0%| F|  |TAMS 0x00000000c3800000| PB 0x00000000c3800000| Untracked |  0
|  57|0x00000000c3900000, 0x00000000c3900000, 0x00000000c3a00000|  0%| F|  |TAMS 0x00000000c3900000| PB 0x00000000c3900000| Untracked |  0
|  58|0x00000000c3a00000, 0x00000000c3a00000, 0x00000000c3b00000|  0%| F|  |TAMS 0x00000000c3a00000| PB 0x00000000c3a00000| Untracked |  0
|  59|0x00000000c3b00000, 0x00000000c3b00000, 0x00000000c3c00000|  0%| F|  |TAMS 0x00000000c3b00000| PB 0x00000000c3b00000| Untracked |  0
|  60|0x00000000c3c00000, 0x00000000c3c00000, 0x00000000c3d00000|  0%| F|  |TAMS 0x00000000c3c00000| PB 0x00000000c3c00000| Untracked |  0
|  61|0x00000000c3d00000, 0x00000000c3d00000, 0x00000000c3e00000|  0%| F|  |TAMS 0x00000000c3d00000| PB 0x00000000c3d00000| Untracked |  0
|  62|0x00000000c3e00000, 0x00000000c3e00000, 0x00000000c3f00000|  0%| F|  |TAMS 0x00000000c3e00000| PB 0x00000000c3e00000| Untracked |  0
|  63|0x00000000c3f00000, 0x00000000c3f00000, 0x00000000c4000000|  0%| F|  |TAMS 0x00000000c3f00000| PB 0x00000000c3f00000| Untracked |  0
|  64|0x00000000c4000000, 0x00000000c4000000, 0x00000000c4100000|  0%| F|  |TAMS 0x00000000c4000000| PB 0x00000000c4000000| Untracked |  0
|  65|0x00000000c4100000, 0x00000000c4100000, 0x00000000c4200000|  0%| F|  |TAMS 0x00000000c4100000| PB 0x00000000c4100000| Untracked |  0
|  66|0x00000000c4200000, 0x00000000c4200000, 0x00000000c4300000|  0%| F|  |TAMS 0x00000000c4200000| PB 0x00000000c4200000| Untracked |  0
|  67|0x00000000c4300000, 0x00000000c4300000, 0x00000000c4400000|  0%| F|  |TAMS 0x00000000c4300000| PB 0x00000000c4300000| Untracked |  0
|  68|0x00000000c4400000, 0x00000000c4400000, 0x00000000c4500000|  0%| F|  |TAMS 0x00000000c4400000| PB 0x00000000c4400000| Untracked |  0
|  69|0x00000000c4500000, 0x00000000c4500000, 0x00000000c4600000|  0%| F|  |TAMS 0x00000000c4500000| PB 0x00000000c4500000| Untracked |  0
|  70|0x00000000c4600000, 0x00000000c4600000, 0x00000000c4700000|  0%| F|  |TAMS 0x00000000c4600000| PB 0x00000000c4600000| Untracked |  0
|  71|0x00000000c4700000, 0x00000000c4700000, 0x00000000c4800000|  0%| F|  |TAMS 0x00000000c4700000| PB 0x00000000c4700000| Untracked |  0
|  72|0x00000000c4800000, 0x00000000c4800000, 0x00000000c4900000|  0%| F|  |TAMS 0x00000000c4800000| PB 0x00000000c4800000| Untracked |  0
|  73|0x00000000c4900000, 0x00000000c4900000, 0x00000000c4a00000|  0%| F|  |TAMS 0x00000000c4900000| PB 0x00000000c4900000| Untracked |  0
|  74|0x00000000c4a00000, 0x00000000c4a00000, 0x00000000c4b00000|  0%| F|  |TAMS 0x00000000c4a00000| PB 0x00000000c4a00000| Untracked |  0
|  75|0x00000000c4b00000, 0x00000000c4b00000, 0x00000000c4c00000|  0%| F|  |TAMS 0x00000000c4b00000| PB 0x00000000c4b00000| Untracked |  0
|  76|0x00000000c4c00000, 0x00000000c4c00000, 0x00000000c4d00000|  0%| F|  |TAMS 0x00000000c4c00000| PB 0x00000000c4c00000| Untracked |  0
|  77|0x00000000c4d00000, 0x00000000c4d00000, 0x00000000c4e00000|  0%| F|  |TAMS 0x00000000c4d00000| PB 0x00000000c4d00000| Untracked |  0
|  78|0x00000000c4e00000, 0x00000000c4e00000, 0x00000000c4f00000|  0%| F|  |TAMS 0x00000000c4e00000| PB 0x00000000c4e00000| Untracked |  0
|  79|0x00000000c4f00000, 0x00000000c4f00000, 0x00000000c5000000|  0%| F|  |TAMS 0x00000000c4f00000| PB 0x00000000c4f00000| Untracked |  0
|  80|0x00000000c5000000, 0x00000000c5000000, 0x00000000c5100000|  0%| F|  |TAMS 0x00000000c5000000| PB 0x00000000c5000000| Untracked |  0
|  81|0x00000000c5100000, 0x00000000c5100000, 0x00000000c5200000|  0%| F|  |TAMS 0x00000000c5100000| PB 0x00000000c5100000| Untracked |  0
|  82|0x00000000c5200000, 0x00000000c5200000, 0x00000000c5300000|  0%| F|  |TAMS 0x00000000c5200000| PB 0x00000000c5200000| Untracked |  0
|  83|0x00000000c5300000, 0x00000000c5300000, 0x00000000c5400000|  0%| F|  |TAMS 0x00000000c5300000| PB 0x00000000c5300000| Untracked |  0
|  84|0x00000000c5400000, 0x00000000c5400000, 0x00000000c5500000|  0%| F|  |TAMS 0x00000000c5400000| PB 0x00000000c5400000| Untracked |  0
|  85|0x00000000c5500000, 0x00000000c5500000, 0x00000000c5600000|  0%| F|  |TAMS 0x00000000c5500000| PB 0x00000000c5500000| Untracked |  0
|  86|0x00000000c5600000, 0x00000000c5600000, 0x00000000c5700000|  0%| F|  |TAMS 0x00000000c5600000| PB 0x00000000c5600000| Untracked |  0
|  87|0x00000000c5700000, 0x00000000c5700000, 0x00000000c5800000|  0%| F|  |TAMS 0x00000000c5700000| PB 0x00000000c5700000| Untracked |  0
|  88|0x00000000c5800000, 0x00000000c5800000, 0x00000000c5900000|  0%| F|  |TAMS 0x00000000c5800000| PB 0x00000000c5800000| Untracked |  0
|  89|0x00000000c5900000, 0x00000000c5900000, 0x00000000c5a00000|  0%| F|  |TAMS 0x00000000c5900000| PB 0x00000000c5900000| Untracked |  0
|  90|0x00000000c5a00000, 0x00000000c5a00000, 0x00000000c5b00000|  0%| F|  |TAMS 0x00000000c5a00000| PB 0x00000000c5a00000| Untracked |  0
|  91|0x00000000c5b00000, 0x00000000c5b00000, 0x00000000c5c00000|  0%| F|  |TAMS 0x00000000c5b00000| PB 0x00000000c5b00000| Untracked |  0
|  92|0x00000000c5c00000, 0x00000000c5c00000, 0x00000000c5d00000|  0%| F|  |TAMS 0x00000000c5c00000| PB 0x00000000c5c00000| Untracked |  0
|  93|0x00000000c5d00000, 0x00000000c5d00000, 0x00000000c5e00000|  0%| F|  |TAMS 0x00000000c5d00000| PB 0x00000000c5d00000| Untracked |  0
|  94|0x00000000c5e00000, 0x00000000c5e00000, 0x00000000c5f00000|  0%| F|  |TAMS 0x00000000c5e00000| PB 0x00000000c5e00000| Untracked |  0
|  95|0x00000000c5f00000, 0x00000000c5f00000, 0x00000000c6000000|  0%| F|  |TAMS 0x00000000c5f00000| PB 0x00000000c5f00000| Untracked |  0
|  96|0x00000000c6000000, 0x00000000c6000000, 0x00000000c6100000|  0%| F|  |TAMS 0x00000000c6000000| PB 0x00000000c6000000| Untracked |  0
|  97|0x00000000c6100000, 0x00000000c6100000, 0x00000000c6200000|  0%| F|  |TAMS 0x00000000c6100000| PB 0x00000000c6100000| Untracked |  0
|  98|0x00000000c6200000, 0x00000000c6200000, 0x00000000c6300000|  0%| F|  |TAMS 0x00000000c6200000| PB 0x00000000c6200000| Untracked |  0
|  99|0x00000000c6300000, 0x00000000c6300000, 0x00000000c6400000|  0%| F|  |TAMS 0x00000000c6300000| PB 0x00000000c6300000| Untracked |  0
| 100|0x00000000c6400000, 0x00000000c6400000, 0x00000000c6500000|  0%| F|  |TAMS 0x00000000c6400000| PB 0x00000000c6400000| Untracked |  0
| 101|0x00000000c6500000, 0x00000000c6500000, 0x00000000c6600000|  0%| F|  |TAMS 0x00000000c6500000| PB 0x00000000c6500000| Untracked |  0
| 102|0x00000000c6600000, 0x00000000c6600000, 0x00000000c6700000|  0%| F|  |TAMS 0x00000000c6600000| PB 0x00000000c6600000| Untracked |  0
| 103|0x00000000c6700000, 0x00000000c6700000, 0x00000000c6800000|  0%| F|  |TAMS 0x00000000c6700000| PB 0x00000000c6700000| Untracked |  0
| 104|0x00000000c6800000, 0x00000000c6800000, 0x00000000c6900000|  0%| F|  |TAMS 0x00000000c6800000| PB 0x00000000c6800000| Untracked |  0
| 105|0x00000000c6900000, 0x00000000c6900000, 0x00000000c6a00000|  0%| F|  |TAMS 0x00000000c6900000| PB 0x00000000c6900000| Untracked |  0
| 106|0x00000000c6a00000, 0x00000000c6a00000, 0x00000000c6b00000|  0%| F|  |TAMS 0x00000000c6a00000| PB 0x00000000c6a00000| Untracked |  0
| 107|0x00000000c6b00000, 0x00000000c6b00000, 0x00000000c6c00000|  0%| F|  |TAMS 0x00000000c6b00000| PB 0x00000000c6b00000| Untracked |  0
| 108|0x00000000c6c00000, 0x00000000c6c00000, 0x00000000c6d00000|  0%| F|  |TAMS 0x00000000c6c00000| PB 0x00000000c6c00000| Untracked |  0
| 109|0x00000000c6d00000, 0x00000000c6d00000, 0x00000000c6e00000|  0%| F|  |TAMS 0x00000000c6d00000| PB 0x00000000c6d00000| Untracked |  0
| 110|0x00000000c6e00000, 0x00000000c6e00000, 0x00000000c6f00000|  0%| F|  |TAMS 0x00000000c6e00000| PB 0x00000000c6e00000| Untracked |  0
| 111|0x00000000c6f00000, 0x00000000c6f00000, 0x00000000c7000000|  0%| F|  |TAMS 0x00000000c6f00000| PB 0x00000000c6f00000| Untracked |  0
| 112|0x00000000c7000000, 0x00000000c7000000, 0x00000000c7100000|  0%| F|  |TAMS 0x00000000c7000000| PB 0x00000000c7000000| Untracked |  0
| 113|0x00000000c7100000, 0x00000000c7100000, 0x00000000c7200000|  0%| F|  |TAMS 0x00000000c7100000| PB 0x00000000c7100000| Untracked |  0
| 114|0x00000000c7200000, 0x00000000c7200000, 0x00000000c7300000|  0%| F|  |TAMS 0x00000000c7200000| PB 0x00000000c7200000| Untracked |  0
| 115|0x00000000c7300000, 0x00000000c7300000, 0x00000000c7400000|  0%| F|  |TAMS 0x00000000c7300000| PB 0x00000000c7300000| Untracked |  0
| 116|0x00000000c7400000, 0x00000000c7400000, 0x00000000c7500000|  0%| F|  |TAMS 0x00000000c7400000| PB 0x00000000c7400000| Untracked |  0
| 117|0x00000000c7500000, 0x00000000c7500000, 0x00000000c7600000|  0%| F|  |TAMS 0x00000000c7500000| PB 0x00000000c7500000| Untracked |  0
| 118|0x00000000c7600000, 0x00000000c7600000, 0x00000000c7700000|  0%| F|  |TAMS 0x00000000c7600000| PB 0x00000000c7600000| Untracked |  0
| 119|0x00000000c7700000, 0x00000000c7700000, 0x00000000c7800000|  0%| F|  |TAMS 0x00000000c7700000| PB 0x00000000c7700000| Untracked |  0
| 120|0x00000000c7800000, 0x00000000c7800000, 0x00000000c7900000|  0%| F|  |TAMS 0x00000000c7800000| PB 0x00000000c7800000| Untracked |  0
| 121|0x00000000c7900000, 0x00000000c7900000, 0x00000000c7a00000|  0%| F|  |TAMS 0x00000000c7900000| PB 0x00000000c7900000| Untracked |  0
| 122|0x00000000c7a00000, 0x00000000c7a00000, 0x00000000c7b00000|  0%| F|  |TAMS 0x00000000c7a00000| PB 0x00000000c7a00000| Untracked |  0
| 123|0x00000000c7b00000, 0x00000000c7b00000, 0x00000000c7c00000|  0%| F|  |TAMS 0x00000000c7b00000| PB 0x00000000c7b00000| Untracked |  0
| 124|0x00000000c7c00000, 0x00000000c7c00000, 0x00000000c7d00000|  0%| F|  |TAMS 0x00000000c7c00000| PB 0x00000000c7c00000| Untracked |  0
| 125|0x00000000c7d00000, 0x00000000c7d00000, 0x00000000c7e00000|  0%| F|  |TAMS 0x00000000c7d00000| PB 0x00000000c7d00000| Untracked |  0
| 126|0x00000000c7e00000, 0x00000000c7e00000, 0x00000000c7f00000|  0%| F|  |TAMS 0x00000000c7e00000| PB 0x00000000c7e00000| Untracked |  0
| 127|0x00000000c7f00000, 0x00000000c7f00000, 0x00000000c8000000|  0%| F|  |TAMS 0x00000000c7f00000| PB 0x00000000c7f00000| Untracked |  0
| 128|0x00000000c8000000, 0x00000000c8000000, 0x00000000c8100000|  0%| F|  |TAMS 0x00000000c8000000| PB 0x00000000c8000000| Untracked |  0
| 129|0x00000000c8100000, 0x00000000c8100000, 0x00000000c8200000|  0%| F|  |TAMS 0x00000000c8100000| PB 0x00000000c8100000| Untracked |  0
| 130|0x00000000c8200000, 0x00000000c8200000, 0x00000000c8300000|  0%| F|  |TAMS 0x00000000c8200000| PB 0x00000000c8200000| Untracked |  0
| 131|0x00000000c8300000, 0x00000000c8300000, 0x00000000c8400000|  0%| F|  |TAMS 0x00000000c8300000| PB 0x00000000c8300000| Untracked |  0
| 132|0x00000000c8400000, 0x00000000c84c2e38, 0x00000000c8500000| 76%| E|  |TAMS 0x00000000c8400000| PB 0x00000000c8400000| Complete |  0
| 133|0x00000000c8500000, 0x00000000c8600000, 0x00000000c8600000|100%| E|CS|TAMS 0x00000000c8500000| PB 0x00000000c8500000| Complete |  0
| 134|0x00000000c8600000, 0x00000000c8700000, 0x00000000c8700000|100%| E|  |TAMS 0x00000000c8600000| PB 0x00000000c8600000| Complete |  0
| 135|0x00000000c8700000, 0x00000000c8800000, 0x00000000c8800000|100%| E|CS|TAMS 0x00000000c8700000| PB 0x00000000c8700000| Complete |  0
| 136|0x00000000c8800000, 0x00000000c8900000, 0x00000000c8900000|100%| E|CS|TAMS 0x00000000c8800000| PB 0x00000000c8800000| Complete |  0

Card table byte_map: [0x000001f2cb430000,0x000001f2cb630000] _byte_map_base: 0x000001f2cae30000

Marking Bits: (CMBitMap*) 0x000001f2ad9d10c0
 Bits: [0x000001f2cb630000, 0x000001f2cc630000)

Polling page: 0x000001f2bb7a0000

Metaspace:

Usage:
  Non-class:      3.11 MB used.
      Class:    383.18 KB used.
       Both:      3.49 MB used.

Virtual space:
  Non-class space:       64.00 MB reserved,       3.25 MB (  5%) committed,  1 nodes.
      Class space:        1.00 GB reserved,     512.00 KB ( <1%) committed,  1 nodes.
             Both:        1.06 GB reserved,       3.75 MB ( <1%) committed. 

Chunk freelists:
   Non-Class:  11.68 MB
       Class:  15.55 MB
        Both:  27.23 MB

MaxMetaspaceSize: unlimited
CompressedClassSpaceSize: 1.00 GB
Initial GC threshold: 21.00 MB
Current GC threshold: 21.00 MB
CDS: on
 - commit_granule_bytes: 65536.
 - commit_granule_words: 8192.
 - virtual_space_node_default_size: 8388608.
 - enlarge_chunks_in_place: 1.
 - use_allocation_guard: 0.


Internal statistics:

num_allocs_failed_limit: 0.
num_arena_births: 98.
num_arena_deaths: 0.
num_vsnodes_births: 2.
num_vsnodes_deaths: 0.
num_space_committed: 60.
num_space_uncommitted: 0.
num_chunks_returned_to_freelist: 0.
num_chunks_taken_from_freelist: 130.
num_chunk_merges: 0.
num_chunk_splits: 86.
num_chunks_enlarged: 46.
num_inconsistent_stats: 0.

CodeHeap 'non-profiled nmethods': size=120000Kb used=321Kb max_used=321Kb free=119678Kb
 bounds [0x000001f2c3290000, 0x000001f2c3500000, 0x000001f2ca7c0000]
CodeHeap 'profiled nmethods': size=120000Kb used=1693Kb max_used=1693Kb free=118307Kb
 bounds [0x000001f2bb7c0000, 0x000001f2bba30000, 0x000001f2c2cf0000]
CodeHeap 'non-nmethods': size=5760Kb used=1317Kb max_used=1347Kb free=4442Kb
 bounds [0x000001f2c2cf0000, 0x000001f2c2f60000, 0x000001f2c3290000]
 total_blobs=1473 nmethods=1047 adapters=330
 compilation: enabled
              stopped_count=0, restarted_count=0
 full_count=0

Compilation events (20 events):
Event: 0.354 Thread 0x000001f2ad963400 nmethod 649 0x000001f2bb8a1990 code [0x000001f2bb8a1b60, 0x000001f2bb8a1dc8]
Event: 0.354 Thread 0x000001f2ad963400  650       3       org.jpype.manager.MethodResolution::<init> (498 bytes)
Event: 0.355 Thread 0x000001f2ad963400 nmethod 650 0x000001f2bb8a1f10 code [0x000001f2bb8a24a0, 0x000001f2bb8a8920]
Event: 0.355 Thread 0x000001f2ad963400  651       3       org.jpype.manager.TypeManager::isBeanAccessor (59 bytes)
Event: 0.356 Thread 0x000001f2ad963400 nmethod 651 0x000001f2bb8a9910 code [0x000001f2bb8a9b20, 0x000001f2bb8aa208]
Event: 0.356 Thread 0x000001f2ad963400  652       3       org.jpype.manager.TypeManager::isBeanMutator (60 bytes)
Event: 0.356 Thread 0x000001f2ad963400 nmethod 652 0x000001f2bb8aa490 code [0x000001f2bb8aa6a0, 0x000001f2bb8aad88]
Event: 0.444 Thread 0x000001f2ad963400  653       3       jdk.internal.reflect.ReflectionFactory::copyField (11 bytes)
Event: 0.444 Thread 0x000001f2ad963400 nmethod 653 0x000001f2bb8ab010 code [0x000001f2bb8ab1c0, 0x000001f2bb8ab3b8]
Event: 0.444 Thread 0x000001f2ad963400  654       3       java.lang.reflect.ReflectAccess::copyField (5 bytes)
Event: 0.445 Thread 0x000001f2ad962d30  656       4       java.lang.PublicMethods$MethodList::filter (104 bytes)
Event: 0.445 Thread 0x000001f2ad963400 nmethod 654 0x000001f2bb8ab510 code [0x000001f2bb8ab6c0, 0x000001f2bb8ab800]
Event: 0.445 Thread 0x000001f2ad963400  655       1       java.lang.reflect.Field::getModifiers (5 bytes)
Event: 0.445 Thread 0x000001f2ad963400 nmethod 655 0x000001f2c32bd190 code [0x000001f2c32bd320, 0x000001f2c32bd3e8]
Event: 0.445 Thread 0x000001f2ad963400  658       3       java.util.TreeMap::put (221 bytes)
Event: 0.447 Thread 0x000001f2ad963400 nmethod 658 0x000001f2bb8ab910 code [0x000001f2bb8abb80, 0x000001f2bb8ac8b0]
Event: 0.447 Thread 0x000001f2ad963400  657       3       java.util.TreeMap$Entry::<init> (25 bytes)
Event: 0.447 Thread 0x000001f2ad963400 nmethod 657 0x000001f2bb8acc90 code [0x000001f2bb8ace40, 0x000001f2bb8ad0c0]
Event: 0.447 Thread 0x000001f2ad963400  659       3       java.util.TreeMap::addEntry (59 bytes)
Event: 0.447 Thread 0x000001f2ad963400 nmethod 659 0x000001f2bb8ad190 code [0x000001f2bb8ad360, 0x000001f2bb8ad810]

GC Heap History (2 events):
Event: 0.347 GC heap before
{Heap before GC invocations=0 (full 0):
 garbage-first heap   total reserved 1048576K, committed 260096K, used 6144K [0x00000000c0000000, 0x0000000100000000)
  region size 1024K, 7 young (7168K), 0 survivors (0K)
 Metaspace       used 2757K, committed 3008K, reserved 1114112K
  class space    used 322K, committed 448K, reserved 1048576K
}
Event: 0.352 GC heap after
{Heap after GC invocations=1 (full 1):
 garbage-first heap   total reserved 1048576K, committed 20480K, used 1821K [0x00000000c0000000, 0x0000000100000000)
  region size 1024K, 0 young (0K), 0 survivors (0K)
 Metaspace       used 2757K, committed 3008K, reserved 1114112K
  class space    used 322K, committed 448K, reserved 1048576K
}

Dll operation events (6 events):
Event: 0.018 Loaded shared library C:\Program Files\Java\jdk-22\bin\java.dll
Event: 0.068 Loaded shared library C:\Program Files\Java\jdk-22\bin\jsvml.dll
Event: 0.119 Loaded shared library C:\Program Files\Java\jdk-22\bin\net.dll
Event: 0.121 Loaded shared library C:\Program Files\Java\jdk-22\bin\nio.dll
Event: 0.125 Loaded shared library C:\Program Files\Java\jdk-22\bin\zip.dll
Event: 0.192 Loaded shared library C:\Users\tpfzl\anaconda3\Lib\site-packages\_jpype.cp311-win_amd64.pyd

Deoptimization events (4 events):
Event: 0.276 Thread 0x000001f2ad9d79b0 DEOPT PACKING pc=0x000001f2bb7da1fc sp=0x000000ed7b7e6fa0
Event: 0.276 Thread 0x000001f2ad9d79b0 DEOPT UNPACKING pc=0x000001f2c2d44e42 sp=0x000000ed7b7e63c0 mode 0
Event: 0.283 Thread 0x000001f2ad9d79b0 DEOPT PACKING pc=0x000001f2bb7ca44c sp=0x000000ed7b7ec620
Event: 0.283 Thread 0x000001f2ad9d79b0 DEOPT UNPACKING pc=0x000001f2c2d44e42 sp=0x000000ed7b7eba88 mode 0

Classes loaded (20 events):
Event: 0.312 Loading class java/io/ObjectInput done
Event: 0.312 Loading class java/io/ObjectStreamConstants
Event: 0.312 Loading class java/io/ObjectStreamConstants done
Event: 0.312 Loading class java/io/ObjectInputStream done
Event: 0.312 Loading class java/io/ObjectOutputStream
Event: 0.312 Loading class java/io/ObjectOutput
Event: 0.312 Loading class java/io/ObjectOutput done
Event: 0.312 Loading class java/io/ObjectOutputStream done
Event: 0.318 Loading class jdk/internal/vm/annotation/ForceInline
Event: 0.318 Loading class jdk/internal/vm/annotation/ForceInline done
Event: 0.325 Loading class java/lang/Deprecated
Event: 0.325 Loading class java/lang/Deprecated done
Event: 0.325 Loading class java/lang/annotation/Documented
Event: 0.325 Loading class java/lang/annotation/Documented done
Event: 0.331 Loading class java/nio/charset/CharacterCodingException
Event: 0.332 Loading class java/nio/charset/CharacterCodingException done
Event: 0.332 Loading class java/lang/foreign/MemorySegment
Event: 0.332 Loading class java/lang/foreign/MemorySegment done
Event: 0.355 Loading class java/lang/Byte$ByteCache
Event: 0.355 Loading class java/lang/Byte$ByteCache done

Classes unloaded (0 events):
No events

Classes redefined (0 events):
No events

Internal exceptions (20 events):
Event: 0.217 Thread 0x000001f2ad9d79b0 Exception <a 'java/lang/NoSuchMethodError'{0x00000000cfa6ba78}: 'int java.lang.invoke.DirectMethodHandle$Holder.invokeStaticInit(java.lang.Object, int)'> (0x00000000cfa6ba78) 
thrown [s\open\src\hotspot\share\interpreter\linkResolver.cpp, line 774]
Event: 0.218 Thread 0x000001f2ad9d79b0 Exception <a 'java/lang/NoSuchMethodError'{0x00000000cfa737b0}: 'int java.lang.invoke.DirectMethodHandle$Holder.invokeStaticInit(java.lang.Object, java.lang.Object, java.lang.Object, java.lang.Object, java.lang.Object, java.lang.Object)'> (0x00000000cfa737b0) 
thrown [s\open\src\hotspot\share\interpreter\linkResolver.cpp, line 774]
Event: 0.218 Thread 0x000001f2ad9d79b0 Exception <a 'java/lang/NoSuchMethodError'{0x00000000cfa77488}: 'void java.lang.invoke.DirectMethodHandle$Holder.invokeStatic(java.lang.Object, java.lang.Object)'> (0x00000000cfa77488) 
thrown [s\open\src\hotspot\share\interpreter\linkResolver.cpp, line 774]
Event: 0.222 Thread 0x000001f2ad9d79b0 Exception <a 'java/lang/NoSuchMethodError'{0x00000000cfa8bbf8}: 'void java.lang.invoke.DirectMethodHandle$Holder.invokeStatic(java.lang.Object, java.lang.Object, java.lang.Object)'> (0x00000000cfa8bbf8) 
thrown [s\open\src\hotspot\share\interpreter\linkResolver.cpp, line 774]
Event: 0.243 Thread 0x000001f2ad9d79b0 Exception <a 'java/lang/NoSuchMethodError'{0x00000000cfab08a8}: 'int java.lang.invoke.DelegatingMethodHandle$Holder.reinvoke_L(java.lang.Object, java.lang.Object, int, java.lang.Object, java.lang.Object)'> (0x00000000cfab08a8) 
thrown [s\open\src\hotspot\share\interpreter\linkResolver.cpp, line 774]
Event: 0.247 Thread 0x000001f2ad9d79b0 Exception <a 'java/lang/NoSuchMethodError'{0x00000000cface2f8}: 'java.lang.Object java.lang.invoke.DirectMethodHandle$Holder.invokeStatic(java.lang.Object, java.lang.Object, java.lang.Object, java.lang.Object, int)'> (0x00000000cface2f8) 
thrown [s\open\src\hotspot\share\interpreter\linkResolver.cpp, line 774]
Event: 0.248 Thread 0x000001f2ad9d79b0 Exception <a 'java/lang/NoSuchMethodError'{0x00000000cfad6e70}: 'int java.lang.invoke.DirectMethodHandle$Holder.invokeSpecial(java.lang.Object, java.lang.Object, int)'> (0x00000000cfad6e70) 
thrown [s\open\src\hotspot\share\interpreter\linkResolver.cpp, line 774]
Event: 0.248 Thread 0x000001f2ad9d79b0 Exception <a 'java/lang/NoSuchMethodError'{0x00000000cfade108}: 'int java.lang.invoke.DirectMethodHandle$Holder.invokeSpecial(java.lang.Object, java.lang.Object, java.lang.Object, int)'> (0x00000000cfade108) 
thrown [s\open\src\hotspot\share\interpreter\linkResolver.cpp, line 774]
Event: 0.250 Thread 0x000001f2ad9d79b0 Exception <a 'java/lang/NoSuchMethodError'{0x00000000cfaeb848}: 'java.lang.Object java.lang.invoke.DirectMethodHandle$Holder.newInvokeSpecial(java.lang.Object, java.lang.Object, java.lang.Object, java.lang.Object, java.lang.Object)'> (0x00000000cfaeb848) 
thrown [s\open\src\hotspot\share\interpreter\linkResolver.cpp, line 774]
Event: 0.251 Thread 0x000001f2ad9d79b0 Exception <a 'java/lang/NoSuchMethodError'{0x00000000cfaf54c8}: 'void java.lang.invoke.DirectMethodHandle$Holder.invokeStatic(java.lang.Object, int, java.lang.Object)'> (0x00000000cfaf54c8) 
thrown [s\open\src\hotspot\share\interpreter\linkResolver.cpp, line 774]
Event: 0.252 Thread 0x000001f2ad9d79b0 Exception <a 'java/lang/NoSuchMethodError'{0x00000000cfafcbf8}: 'void java.lang.invoke.DirectMethodHandle$Holder.invokeStatic(java.lang.Object, java.lang.Object, java.lang.Object, java.lang.Object)'> (0x00000000cfafcbf8) 
thrown [s\open\src\hotspot\share\interpreter\linkResolver.cpp, line 774]
Event: 0.259 Thread 0x000001f2ad9d79b0 Exception <a 'java/lang/NoSuchMethodError'{0x00000000cf9289a0}: 'java.lang.Object java.lang.invoke.DirectMethodHandle$Holder.invokeInterface(java.lang.Object, java.lang.Object)'> (0x00000000cf9289a0) 
thrown [s\open\src\hotspot\share\interpreter\linkResolver.cpp, line 774]
Event: 0.259 Thread 0x000001f2ad9d79b0 Exception <a 'java/lang/IncompatibleClassChangeError'{0x00000000cf92bf58}: Found class java.lang.Object, but interface was expected> (0x00000000cf92bf58) 
thrown [s\open\src\hotspot\share\interpreter\linkResolver.cpp, line 841]
Event: 0.262 Thread 0x000001f2ad9d79b0 Exception <a 'java/lang/NoSuchMethodError'{0x00000000cf935050}: 'java.lang.Object java.lang.invoke.Invokers$Holder.invokeExact_MT(java.lang.Object, java.lang.Object, java.lang.Object, java.lang.Object, java.lang.Object)'> (0x00000000cf935050) 
thrown [s\open\src\hotspot\share\interpreter\linkResolver.cpp, line 774]
Event: 0.262 Thread 0x000001f2ad9d79b0 Exception <a 'java/lang/NoSuchMethodError'{0x00000000cf938e50}: 'int java.lang.invoke.DirectMethodHandle$Holder.invokeSpecial(java.lang.Object, java.lang.Object, java.lang.Object)'> (0x00000000cf938e50) 
thrown [s\open\src\hotspot\share\interpreter\linkResolver.cpp, line 774]
Event: 0.265 Thread 0x000001f2ad9d79b0 Exception <a 'java/lang/NoSuchMethodError'{0x00000000cf949c08}: 'int java.lang.invoke.Invokers$Holder.invokeExact_MT(java.lang.Object, java.lang.Object, java.lang.Object)'> (0x00000000cf949c08) 
thrown [s\open\src\hotspot\share\interpreter\linkResolver.cpp, line 774]
Event: 0.299 Thread 0x000001f2ad9d79b0 Exception <a 'java/lang/IncompatibleClassChangeError'{0x00000000cf845bd0}: Found class java.lang.Object, but interface was expected> (0x00000000cf845bd0) 
thrown [s\open\src\hotspot\share\interpreter\linkResolver.cpp, line 841]
Event: 0.342 Thread 0x000001f2ad9d79b0 Exception <a 'java/lang/NoSuchMethodError'{0x00000000cf73c490}: method resolution failed> (0x00000000cf73c490) 
thrown [s\open\src\hotspot\share\prims\methodHandles.cpp, line 1146]
Event: 0.343 Thread 0x000001f2ad9d79b0 Exception <a 'java/lang/NoSuchMethodError'{0x00000000cf741340}: 'java.lang.Object java.lang.invoke.DirectMethodHandle$Holder.invokeStatic(java.lang.Object, java.lang.Object, int)'> (0x00000000cf741340) 
thrown [s\open\src\hotspot\share\interpreter\linkResolver.cpp, line 774]
Event: 0.344 Thread 0x000001f2ad9d79b0 Exception <a 'java/lang/NoSuchMethodError'{0x00000000cf74c9a8}: 'void java.lang.invoke.DelegatingMethodHandle$Holder.delegate(java.lang.Object, java.lang.Object, int, java.lang.Object)'> (0x00000000cf74c9a8) 
thrown [s\open\src\hotspot\share\interpreter\linkResolver.cpp, line 774]

ZGC Phase Switch (0 events):
No events

VM Operations (4 events):
Event: 0.151 Executing VM operation: HandshakeAllThreads (Deoptimize)
Event: 0.151 Executing VM operation: HandshakeAllThreads (Deoptimize) done
Event: 0.347 Executing VM operation: G1CollectFull (System.gc())
Event: 0.352 Executing VM operation: G1CollectFull (System.gc()) done

Events (12 events):
Event: 0.040 Thread 0x000001f2ad9d79b0 Thread added: 0x000001f2ad9d79b0
Event: 0.062 Thread 0x000001f2ad9d86d0 Thread added: 0x000001f2ad9d86d0
Event: 0.063 Thread 0x000001f2ad9d4530 Thread added: 0x000001f2ad9d4530
Event: 0.064 Thread 0x000001f2ad9d8d60 Thread added: 0x000001f2ad9d8d60
Event: 0.064 Thread 0x000001f2ad9d3810 Thread added: 0x000001f2ad9d3810
Event: 0.064 Thread 0x000001f2b12abb90 Thread added: 0x000001f2b12abb90
Event: 0.064 Thread 0x000001f2b12afd30 Thread added: 0x000001f2b12afd30
Event: 0.064 Thread 0x000001f2ad962d30 Thread added: 0x000001f2ad962d30
Event: 0.065 Thread 0x000001f2ad963400 Thread added: 0x000001f2ad963400
Event: 0.113 Thread 0x000001f2b12ac8b0 Thread added: 0x000001f2b12ac8b0
Event: 0.117 Thread 0x000001f2b12ad5d0 Thread added: 0x000001f2b12ad5d0
Event: 0.278 Thread 0x000001f2b12acf40 Thread added: 0x000001f2b12acf40


Dynamic libraries:
0x00007ff739f20000 - 0x00007ff739f3b000 	C:\Users\tpfzl\anaconda3\python.exe
0x00007ffd06230000 - 0x00007ffd06447000 	C:\WINDOWS\SYSTEM32\ntdll.dll
0x00007ffd04680000 - 0x00007ffd04744000 	C:\WINDOWS\System32\KERNEL32.DLL
0x00007ffd03550000 - 0x00007ffd038f7000 	C:\WINDOWS\System32\KERNELBASE.dll
0x00007ffd03dc0000 - 0x00007ffd03ed1000 	C:\WINDOWS\System32\ucrtbase.dll
0x00007ffc80320000 - 0x00007ffc8092b000 	C:\Users\tpfzl\anaconda3\python311.dll
0x00007ffcfb8c0000 - 0x00007ffcfb8d9000 	C:\Users\tpfzl\anaconda3\VCRUNTIME140.dll
0x00007ffd05740000 - 0x00007ffd057b1000 	C:\WINDOWS\System32\WS2_32.dll
0x00007ffd04750000 - 0x00007ffd04865000 	C:\WINDOWS\System32\RPCRT4.dll
0x00007ffcfa820000 - 0x00007ffcfa82a000 	C:\WINDOWS\SYSTEM32\VERSION.dll
0x00007ffd057c0000 - 0x00007ffd05867000 	C:\WINDOWS\System32\msvcrt.dll
0x00007ffd03900000 - 0x00007ffd03928000 	C:\WINDOWS\System32\bcrypt.dll
0x00007ffd04080000 - 0x00007ffd04132000 	C:\WINDOWS\System32\ADVAPI32.dll
0x00007ffd054e0000 - 0x00007ffd05588000 	C:\WINDOWS\System32\sechost.dll
0x00007ffcfb7b0000 - 0x00007ffcfb7ca000 	C:\Users\tpfzl\anaconda3\zlib.dll
0x00007ffd03ee0000 - 0x00007ffd03f59000 	C:\WINDOWS\System32\bcryptprimitives.dll
0x000001f2a3430000 - 0x000001f2a343f000 	C:\Users\tpfzl\anaconda3\python3.DLL
0x00007ffcc8340000 - 0x00007ffcc8350000 	C:\Users\tpfzl\anaconda3\Lib\site-packages\zmq\backend\cython\_device.cp311-win_amd64.pyd
0x00007ffc87120000 - 0x00007ffc87194000 	C:\Users\tpfzl\anaconda3\Library\bin\libzmq-mt-4_3_5.dll
0x00007ffc84270000 - 0x00007ffc84301000 	C:\Users\tpfzl\anaconda3\MSVCP140.dll
0x00007ffd01ff0000 - 0x00007ffd0201d000 	C:\WINDOWS\SYSTEM32\IPHLPAPI.DLL
0x00007ffcc6ca0000 - 0x00007ffcc6cac000 	C:\Users\tpfzl\anaconda3\VCRUNTIME140_1.dll
0x00007ffca3220000 - 0x00007ffca3233000 	C:\Users\tpfzl\anaconda3\Lib\site-packages\zmq\backend\cython\context.cp311-win_amd64.pyd
0x00007ffc870f0000 - 0x00007ffc87114000 	C:\Users\tpfzl\anaconda3\Lib\site-packages\zmq\backend\cython\socket.cp311-win_amd64.pyd
0x00007ffc857d0000 - 0x00007ffc857e8000 	C:\Users\tpfzl\anaconda3\Lib\site-packages\zmq\backend\cython\message.cp311-win_amd64.pyd
0x00007ffc854e0000 - 0x00007ffc854f3000 	C:\Users\tpfzl\anaconda3\Lib\site-packages\zmq\backend\cython\_poll.cp311-win_amd64.pyd
0x00007ffcc6c90000 - 0x00007ffcc6ca0000 	C:\Users\tpfzl\anaconda3\Lib\site-packages\zmq\backend\cython\_proxy_steerable.cp311-win_amd64.pyd
0x00007ffca3210000 - 0x00007ffca321c000 	C:\Users\tpfzl\anaconda3\Lib\site-packages\zmq\backend\cython\_version.cp311-win_amd64.pyd
0x00007ffc870e0000 - 0x00007ffc870ed000 	C:\Users\tpfzl\anaconda3\Lib\site-packages\zmq\backend\cython\error.cp311-win_amd64.pyd
0x00007ffc857c0000 - 0x00007ffc857cf000 	C:\Users\tpfzl\anaconda3\Lib\site-packages\zmq\backend\cython\utils.cp311-win_amd64.pyd
0x00007ffc854c0000 - 0x00007ffc854d6000 	C:\Users\tpfzl\anaconda3\DLLs\_socket.pyd
0x00007ffc854b0000 - 0x00007ffc854b9000 	C:\Users\tpfzl\anaconda3\DLLs\select.pyd
0x00007ffc84240000 - 0x00007ffc8426d000 	C:\Users\tpfzl\anaconda3\DLLs\_ssl.pyd
0x00007ffd03c50000 - 0x00007ffd03db8000 	C:\WINDOWS\System32\CRYPT32.dll
0x00007ffc7fc20000 - 0x00007ffc80122000 	C:\Users\tpfzl\anaconda3\Library\bin\libcrypto-3-x64.dll
0x00007ffc80130000 - 0x00007ffc801f2000 	C:\Users\tpfzl\anaconda3\Library\bin\libssl-3-x64.dll
0x00007ffd05ee0000 - 0x00007ffd0608e000 	C:\WINDOWS\System32\USER32.dll
0x00007ffd03930000 - 0x00007ffd03956000 	C:\WINDOWS\System32\win32u.dll
0x00007ffd05990000 - 0x00007ffd059b9000 	C:\WINDOWS\System32\GDI32.dll
0x00007ffd03b30000 - 0x00007ffd03c49000 	C:\WINDOWS\System32\gdi32full.dll
0x00007ffd03a90000 - 0x00007ffd03b2a000 	C:\WINDOWS\System32\msvcp_win.dll
0x00007ffd048a0000 - 0x00007ffd048d1000 	C:\WINDOWS\System32\IMM32.DLL
0x00007ffc85250000 - 0x00007ffc85261000 	C:\Users\tpfzl\anaconda3\DLLs\_asyncio.pyd
0x00007ffc84460000 - 0x00007ffc8446e000 	C:\Users\tpfzl\anaconda3\DLLs\_overlapped.pyd
0x00007ffd029e0000 - 0x00007ffd02a49000 	C:\WINDOWS\system32\mswsock.dll
0x00007ffcfd2f0000 - 0x00007ffcfd2fa000 	C:\Users\tpfzl\anaconda3\DLLs\_bz2.pyd
0x00007ffcc9060000 - 0x00007ffcc9092000 	C:\Users\tpfzl\anaconda3\Library\bin\LIBBZ2.dll
0x00007ffcf9780000 - 0x00007ffcf978d000 	C:\Users\tpfzl\anaconda3\DLLs\_lzma.pyd
0x00007ffcc6cb0000 - 0x00007ffcc6ce2000 	C:\Users\tpfzl\anaconda3\Library\bin\liblzma.dll
0x00007ffc84230000 - 0x00007ffc84239000 	C:\Users\tpfzl\anaconda3\DLLs\_queue.pyd
0x00007ffc83c90000 - 0x00007ffc83ca0000 	C:\Users\tpfzl\anaconda3\DLLs\_hashlib.pyd
0x00007ffc83710000 - 0x00007ffc83717000 	C:\Users\tpfzl\anaconda3\Lib\site-packages\tornado\speedups.pyd
0x00007ffcd8c10000 - 0x00007ffcd8c30000 	C:\Users\tpfzl\anaconda3\DLLs\_ctypes.pyd
0x00007ffd05590000 - 0x00007ffd05735000 	C:\WINDOWS\System32\ole32.dll
0x00007ffd04140000 - 0x00007ffd044c8000 	C:\WINDOWS\System32\combase.dll
0x00007ffd048e0000 - 0x00007ffd049b7000 	C:\WINDOWS\System32\OLEAUT32.dll
0x00007ffcd4aa0000 - 0x00007ffcd4aac000 	C:\Users\tpfzl\anaconda3\Library\bin\ffi.dll
0x00007ffc83600000 - 0x00007ffc83643000 	C:\Users\tpfzl\anaconda3\DLLs\_decimal.pyd
0x00007ffcd4a90000 - 0x00007ffcd4a97000 	C:\Users\tpfzl\anaconda3\DLLs\_uuid.pyd
0x00007ffd04c80000 - 0x00007ffd054dc000 	C:\WINDOWS\System32\shell32.DLL
0x00007ffc7fb60000 - 0x00007ffc7fb7c000 	C:\Users\tpfzl\anaconda3\DLLs\_sqlite3.pyd
0x00007ffc7f9f0000 - 0x00007ffc7fb5e000 	C:\Users\tpfzl\anaconda3\Library\bin\sqlite3.dll
0x00007ffc80200000 - 0x00007ffc80318000 	C:\Users\tpfzl\anaconda3\DLLs\unicodedata.pyd
0x00007ffc786b0000 - 0x00007ffc786c4000 	C:\Users\tpfzl\anaconda3\Lib\site-packages\psutil\_psutil_windows.cp311-win_amd64.pyd
0x00007ffd04880000 - 0x00007ffd04888000 	C:\WINDOWS\System32\PSAPI.DLL
0x00007ffd03410000 - 0x00007ffd0345d000 	C:\WINDOWS\SYSTEM32\POWRPROF.dll
0x00007ffce8c70000 - 0x00007ffce8cc0000 	C:\WINDOWS\SYSTEM32\pdh.dll
0x00007ffd03340000 - 0x00007ffd03353000 	C:\WINDOWS\SYSTEM32\UMPDC.dll
0x00007ffd02330000 - 0x00007ffd02344000 	C:\WINDOWS\SYSTEM32\wtsapi32.dll
0x00007ffca3240000 - 0x00007ffca3272000 	C:\Users\tpfzl\anaconda3\DLLs\pyexpat.pyd
0x00007ffc9ed80000 - 0x00007ffc9edcf000 	C:\Users\tpfzl\anaconda3\Lib\site-packages\debugpy\_vendored\pydevd\_pydevd_bundle\pydevd_cython.cp311-win_amd64.pyd
0x00007ffd02510000 - 0x00007ffd02528000 	C:\WINDOWS\SYSTEM32\kernel.appcore.dll
0x00007ffcbaa10000 - 0x00007ffcbaa18000 	C:\WINDOWS\system32\wshunix.dll
0x00007ffd04890000 - 0x00007ffd04899000 	C:\WINDOWS\System32\NSI.dll
0x00007ffcfd1c0000 - 0x00007ffcfd1d9000 	C:\WINDOWS\SYSTEM32\dhcpcsvc6.DLL
0x00007ffcfc880000 - 0x00007ffcfc89f000 	C:\WINDOWS\SYSTEM32\dhcpcsvc.DLL
0x00007ffd02060000 - 0x00007ffd02158000 	C:\WINDOWS\SYSTEM32\DNSAPI.dll
0x00007ffc836f0000 - 0x00007ffc836f7000 	C:\Users\tpfzl\anaconda3\Lib\site-packages\mkl\_mklinit.cp311-win_amd64.pyd
0x00007ffc7da90000 - 0x00007ffc7f9ec000 	C:\Users\tpfzl\anaconda3\Library\bin\mkl_rt.2.dll
0x00007ffc7da70000 - 0x00007ffc7da8a000 	C:\Users\tpfzl\anaconda3\Lib\site-packages\mkl\_py_mkl_service.cp311-win_amd64.pyd
0x00007ffc7a640000 - 0x00007ffc7da69000 	C:\Users\tpfzl\anaconda3\Library\bin\mkl_intel_thread.2.dll
0x00007ffc73920000 - 0x00007ffc78413000 	C:\Users\tpfzl\anaconda3\Library\bin\mkl_core.2.dll
0x00007ffc70f90000 - 0x00007ffc7391a000 	C:\Users\tpfzl\anaconda3\Library\bin\mkl_avx2.2.dll
0x00007ffc79750000 - 0x00007ffc7a633000 	C:\Users\tpfzl\anaconda3\Library\bin\mkl_vml_avx2.2.dll
0x00007ffc79470000 - 0x00007ffc79748000 	C:\Users\tpfzl\anaconda3\Lib\site-packages\numpy\core\_multiarray_umath.cp311-win_amd64.pyd
0x00007ffc79450000 - 0x00007ffc79464000 	C:\Users\tpfzl\anaconda3\Lib\site-packages\numpy\core\_multiarray_tests.cp311-win_amd64.pyd
0x00007ffc79430000 - 0x00007ffc7944d000 	C:\Users\tpfzl\anaconda3\Lib\site-packages\numpy\linalg\_umath_linalg.cp311-win_amd64.pyd
0x00007ffc79410000 - 0x00007ffc7942e000 	C:\Users\tpfzl\anaconda3\Lib\site-packages\numpy\fft\_pocketfft_internal.cp311-win_amd64.pyd
0x00007ffc79370000 - 0x00007ffc79407000 	C:\Users\tpfzl\anaconda3\Lib\site-packages\numpy\random\mtrand.cp311-win_amd64.pyd
0x00007ffc79340000 - 0x00007ffc7936c000 	C:\Users\tpfzl\anaconda3\Lib\site-packages\numpy\random\bit_generator.cp311-win_amd64.pyd
0x00007ffc79310000 - 0x00007ffc7933f000 	C:\Users\tpfzl\anaconda3\Lib\site-packages\numpy\random\_common.cp311-win_amd64.pyd
0x00007ffc792c0000 - 0x00007ffc79303000 	C:\Users\tpfzl\anaconda3\Lib\site-packages\numpy\random\_bounded_integers.cp311-win_amd64.pyd
0x00007ffc792a0000 - 0x00007ffc792b6000 	C:\Users\tpfzl\anaconda3\Lib\site-packages\numpy\random\_mt19937.cp311-win_amd64.pyd
0x00007ffc79280000 - 0x00007ffc79295000 	C:\Users\tpfzl\anaconda3\Lib\site-packages\numpy\random\_philox.cp311-win_amd64.pyd
0x00007ffc79260000 - 0x00007ffc79279000 	C:\Users\tpfzl\anaconda3\Lib\site-packages\numpy\random\_pcg64.cp311-win_amd64.pyd
0x00007ffc836a0000 - 0x00007ffc836b0000 	C:\Users\tpfzl\anaconda3\Lib\site-packages\numpy\random\_sfc64.cp311-win_amd64.pyd
0x00007ffc78a00000 - 0x00007ffc78aaf000 	C:\Users\tpfzl\anaconda3\Lib\site-packages\numpy\random\_generator.cp311-win_amd64.pyd
0x00007ffcf1ca0000 - 0x00007ffcf1fa5000 	C:\Users\tpfzl\anaconda3\Lib\site-packages\pyarrow\lib.cp311-win_amd64.pyd
0x00007ffcf1b60000 - 0x00007ffcf1c95000 	C:\Users\tpfzl\anaconda3\Lib\site-packages\pyarrow\arrow_python.dll
0x00007ffcf0360000 - 0x00007ffcf13c1000 	C:\Users\tpfzl\anaconda3\Library\bin\arrow.dll
0x00007ffcf0130000 - 0x00007ffcf035a000 	C:\Users\tpfzl\anaconda3\Library\bin\parquet.dll
0x00007ffcdfd20000 - 0x00007ffcdff71000 	C:\Users\tpfzl\anaconda3\Library\bin\orc.dll
0x00007ffcdff80000 - 0x00007ffce0275000 	C:\Users\tpfzl\anaconda3\Library\bin\brotlienc.dll
0x00007ffd007e0000 - 0x00007ffd007f0000 	C:\Users\tpfzl\anaconda3\Library\bin\brotlidec.dll
0x00007ffcfec40000 - 0x00007ffcfec98000 	C:\Users\tpfzl\anaconda3\Library\bin\utf8proc.dll
0x00007ffcfec10000 - 0x00007ffcfec31000 	C:\Users\tpfzl\anaconda3\Library\bin\liblz4.dll
0x00007ffcf1ac0000 - 0x00007ffcf1b60000 	C:\Users\tpfzl\anaconda3\Library\bin\zstd.dll
0x00007ffcfeb70000 - 0x00007ffcfeb9e000 	C:\Users\tpfzl\anaconda3\Library\bin\aws-cpp-sdk-identity-management.dll
0x00007ffcbd080000 - 0x00007ffcbd2e3000 	C:\Users\tpfzl\anaconda3\Library\bin\aws-cpp-sdk-s3.dll
0x00007ffcf1960000 - 0x00007ffcf1abd000 	C:\Users\tpfzl\anaconda3\Library\bin\aws-cpp-sdk-core.dll
0x00007ffcdc110000 - 0x00007ffcdc23d000 	C:\Users\tpfzl\anaconda3\Library\bin\re2.dll
0x00007ffcf00d0000 - 0x00007ffcf0126000 	C:\Users\tpfzl\anaconda3\Library\bin\aws-crt-cpp.dll
0x00007ffcbcf30000 - 0x00007ffcbd077000 	C:\Users\tpfzl\anaconda3\Library\bin\thriftmd.dll
0x00007ffd05870000 - 0x00007ffd058ce000 	C:\WINDOWS\System32\SHLWAPI.dll
0x00007ffcfd7b0000 - 0x00007ffcfd7d7000 	C:\Users\tpfzl\anaconda3\Library\bin\brotlicommon.dll
0x00007ffcfeb50000 - 0x00007ffcfeb69000 	C:\Users\tpfzl\anaconda3\Library\bin\snappy.dll
0x00007ffcbcc90000 - 0x00007ffcbcf30000 	C:\Users\tpfzl\anaconda3\Library\bin\libprotobuf.dll
0x00007ffcf0080000 - 0x00007ffcf00c8000 	C:\Users\tpfzl\anaconda3\Library\bin\aws-cpp-sdk-sts.dll
0x00007ffcdfca0000 - 0x00007ffcdfd20000 	C:\Users\tpfzl\anaconda3\Library\bin\aws-cpp-sdk-cognito-identity.dll
0x00007ffd02ae0000 - 0x00007ffd02b08000 	C:\WINDOWS\SYSTEM32\USERENV.dll
0x00007ffcdc080000 - 0x00007ffcdc10e000 	C:\Users\tpfzl\anaconda3\Library\bin\libcurl.dll
0x00007ffcfec00000 - 0x00007ffcfec10000 	C:\Users\tpfzl\anaconda3\Library\bin\aws-checksums.dll
0x00007ffd03f60000 - 0x00007ffd03fc1000 	C:\WINDOWS\System32\WLDAP32.dll
0x00007ffcfb940000 - 0x00007ffcfb958000 	C:\Users\tpfzl\anaconda3\Library\bin\aws-c-event-stream.dll
0x00007ffcfb820000 - 0x00007ffcfb853000 	C:\Users\tpfzl\anaconda3\Library\bin\aws-c-common.dll
0x00007ffcfb920000 - 0x00007ffcfb93b000 	C:\Users\tpfzl\anaconda3\Library\bin\aws-c-mqtt.dll
0x00007ffcc6d70000 - 0x00007ffcc6dc3000 	C:\Users\tpfzl\anaconda3\Library\bin\aws-c-http.dll
0x00007ffce54a0000 - 0x00007ffce54cc000 	C:\Users\tpfzl\anaconda3\Library\bin\aws-c-auth.dll

dbghelp: loaded successfully - version: 4.0.5 - missing functions: none
symbol engine: initialized successfully - sym options: 0x614 - pdb path: .;C:\Users\tpfzl\anaconda3;C:\WINDOWS\SYSTEM32;C:\Users\tpfzl\anaconda3\Lib\site-packages\zmq\backend\cython;C:\Users\tpfzl\anaconda3\Library\bin;C:\Users\tpfzl\anaconda3\DLLs;C:\Users\tpfzl\anaconda3\Lib\site-packages\tornado;C:\Users\tpfzl\anaconda3\Lib\site-packages\psutil;C:\Users\tpfzl\anaconda3\Lib\site-packages\debugpy\_vendored\pydevd\_pydevd_bundle;C:\Users\tpfzl\anaconda3\Lib\site-packages\mkl;C:\Users\tpfzl\anaconda3\Lib\site-packages\numpy\core;C:\Users\tpfzl\anaconda3\Lib\site-packages\numpy\linalg;C:\Users\tpfzl\anaconda3\Lib\site-packages\numpy\fft;C:\Users\tpfzl\anaconda3\Lib\site-packages\numpy\random;C:\Users\tpfzl\anaconda3\Lib\site-packages\pyarrow;C:\Users\tpfzl\anaconda3\Lib\site-packages\pandas\_libs;C:\Users\tpfzl\anaconda3\Lib\site-packages\pandas\_libs\tslibs;C:\Users\tpfzl\anaconda3\Lib\site-packages\numexpr;C:\Users\tpfzl\anaconda3\Lib\site-packages\bottleneck;C:\Users\tpfzl\anaconda3\Lib\site-packages\pandas\_libs\window;C:\Users\tpfzl\anaconda3\Lib\site-packages\scipy\_lib;C:\Users\tpfzl\anaconda3\Lib\site-packages\scipy\spatial;C:\Users\tpfzl\anaconda3\Lib\site-packages\scipy\sparse;C:\Users\tpfzl\anaconda3\Lib\site-packages\scipy\sparse\linalg\_isolve;C:\Users\tpfzl\anaconda3\Lib\site-packages\scipy\linalg;C:\Users\tpfzl\anaconda3\Lib\site-packages\scipy\sparse\linalg\_dsolve;C:\Users\tpfzl\anaconda3\Lib\site-packages\scipy\sparse\linalg\_eigen\arpack;C:\Users\tpfzl\anaconda3\Lib\site-packages\scipy\sparse\csgraph;C:\Users\tpfzl\anaconda3\Lib\site-packages\scipy\special;C:\Users\tpfzl\anaconda3\Lib\site-packages\scipy\spatial\transform;C:\Users\tpfzl\anaconda3\Lib\site-packages\scipy\ndimage;C:\Users\tpfzl\anaconda3\Lib\site-packages\scipy\optimize;C:\Users\tpfzl\anaconda3\Lib\site-packages\scipy\optimize\_trlib;C:\Users\tpfzl\anaconda3\Lib\site-packages\scipy\optimize\_lsq;C:\Users\tpfzl\anaconda3\Lib\site-packages\scipy\optimize\_highs;C:\Users\tpfzl\anaconda3\Lib\site-packages\scipy\integrate;C:\Users\tpfzl\anaconda3\Lib\site-packages\scipy\stats;C:\Users\tpfzl\anaconda3\Lib\site-packages\scipy\stats\_boost;C:\Users\tpfzl\anaconda3\Lib\site-packages\scipy\interpolate;C:\Users\tpfzl\anaconda3\Lib\site-packages\scipy\stats\_levy_stable;C:\Users\tpfzl\anaconda3\Lib\site-packages\scipy\_lib\_uarray;C:\Users\tpfzl\anaconda3\Lib\site-packages\scipy\fft\_pocketfft;C:\Users\tpfzl\anaconda3\Lib\site-packages\scipy\stats\_rcont;C:\WINDOWS\WinSxS\amd64_microsoft.windows.common-controls_6595b64144ccf1df_6.0.22621.3527_none_270e469b73872a76;C:\Users\tpfzl\anaconda3\Lib\site-packages\regex;C:\Users\tpfzl\anaconda3\Lib\site-packages\sklearn\__check_build;C:\Users\tpfzl\anaconda3\Lib\site-packages\sklearn\utils;C:\Users\tpfzl\anaconda3\Lib\site-packages\lz4;C:\Users\tpfzl\anaconda3\Lib\site-packages\lz4\frame;C:\Users\tpfzl\anaconda3\Lib\site-packages\sklearn\feature_extraction;C:\Users\tpfzl\anaconda3\Lib\site-packages\sklearn\preprocessing;C:\Users\tpfzl\anaconda3\Lib\site-packages\sklearn\svm;C:\Users\tpfzl\anaconda3\Lib\site-packages\sklearn\metrics;C:\Users\tpfzl\anaconda3\Lib\site-packages\sklearn\metrics\cluster;C:\Users\tpfzl\anaconda3\Lib\site-packages\sklearn\metrics\_pairwise_distances_reduction;C:\Users\tpfzl\anaconda3\Lib\site-packages\sklearn\linear_model;C:\Users\tpfzl\anaconda3\Lib\site-packages\sklearn\_loss;C:\Users\tpfzl\anaconda3\Lib\site-packages\sklearn\datasets;C:\Users\tpfzl\anaconda3\Lib\site-packages\scipy\io\matlab;C:\Users\tpfzl\anaconda3\Lib\site-packages\matplotlib;C:\Users\tpfzl\anaconda3\Lib\site-packages\PIL;C:\Users\tpfzl\anaconda3\Lib\site-packages\kiwisolver;C:\Users\tpfzl\anaconda3\Lib\site-packages\wordcloud;C:\Users\tpfzl\anaconda3\Lib\site-packages;C:\Users\tpfzl\anaconda3\Library\lib\reg1.3;C:\Users\tpfzl\anaconda3\Lib\site-packages\zstandard;C:\Program Files\Java\jdk-22\bin\server;C:\Program Files\Java\jdk-22\bin

VM Arguments:
jvm_args: -Dfile.encoding=UTF8 -ea -Xmx1024m 
java_command: <unknown>
java_class_path (initial): C:\Users\tpfzl\anaconda3\Lib\site-packages\konlpy\java;C:\Users\tpfzl\anaconda3\Lib\site-packages\konlpy\java\bin;C:\Users\tpfzl\anaconda3\Lib\site-packages\konlpy\java\aho-corasick.jar;C:\Users\tpfzl\anaconda3\Lib\site-packages\konlpy\java\jhannanum-0.8.4.jar;C:\Users\tpfzl\anaconda3\Lib\site-packages\konlpy\java\kkma-2.0.jar;C:\Users\tpfzl\anaconda3\Lib\site-packages\konlpy\java\komoran-3.0.jar;C:\Users\tpfzl\anaconda3\Lib\site-packages\konlpy\java\open-korean-text-2.1.0.jar;C:\Users\tpfzl\anaconda3\Lib\site-packages\konlpy\java\scala-library-2.12.3.jar;C:\Users\tpfzl\anaconda3\Lib\site-packages\konlpy\java\shineware-common-1.0.jar;C:\Users\tpfzl\anaconda3\Lib\site-packages\konlpy\java\shineware-ds-1.0.jar;C:\Users\tpfzl\anaconda3\Lib\site-packages\konlpy\java\snakeyaml-1.12.jar;C:\Users\tpfzl\anaconda3\Lib\site-packages\konlpy\java\twitter-text-1.14.7.jar;C:\Users\tpfzl\anaconda3\Lib\site-packages\konlpy\java\jhannanum-0.8.4.jar;C:\Users\tpfzl\anaconda3\Lib\site-packages\konlpy\java\kkma-2.0.jar;C:\Users\tpfzl\anaconda3\Lib\site-packages\konlpy\java\aho-corasick.jar;C:\Users\tpfzl\anaconda3\Lib\site-packages\konlpy\java\shineware-common-1.0.jar;C:\Users\tpfzl\anaconda3\Lib\site-packages\konlpy\java\shineware-ds-1.0.jar;C:\Users\tpfzl\anaconda3\Lib\site-packages\konlpy\java\komoran-3.0.jar;C:\Users\tpfzl\anaconda3\Lib\site-packages\konlpy\java\snakeyaml-1.12.jar;C:\Users\tpfzl\anaconda3\Lib\site-packages\konlpy\java\scala-library-2.12.3.jar;C:\Users\tpfzl\anaconda3\Lib\site-packages\konlpy\java\open-korean-text-2.1.0.jar;C:\Users\tpfzl\anaconda3\Lib\site-packages\konlpy\java\twitter-text-1.14.7.jar;C:\Users\tpfzl\anaconda3\Lib\site-packages\konlpy\java\aho-corasick.jar;C:\Users\tpfzl\anaconda3\Lib\site-packages\konlpy\java\jhannanum-0.8.4.jar;C:\Users\tpfzl\anaconda3\Lib\site-packages\konlpy\java\kkma-2.0.jar;C:\Users\tpfzl\anaconda3\Lib\site-packages\konlpy\java\komoran-3.0.jar;C:\Users\tpfzl\anaconda3\Lib\site-packages\konlpy\java\open-korean-text-2.1.0.jar;C:\Users\tpfzl\anaconda3\Lib\site-packages\konlpy\java\scala-library-2.12.3.jar;C:\Users\tpfzl\anaconda3\Lib\site-packages\konlpy\java\shineware-common-1.0.jar;C:\Users\tpfzl\anaconda3\Lib\site-packages\konlpy\java\shineware-ds-1.0.jar;C:\Users\tpfzl\anaconda3\Lib\site-packages\konlpy\java\snakeyaml-1.12.jar;C:\Users\tpfzl\anaconda3\Lib\site-packages\konlpy\java\twitter-text-1.14.7.jar
Launcher Type: generic

[Global flags]
     intx CICompilerCount                          = 4                                         {product} {ergonomic}
     uint ConcGCThreads                            = 2                                         {product} {ergonomic}
     uint G1ConcRefinementThreads                  = 8                                         {product} {ergonomic}
   size_t G1HeapRegionSize                         = 1048576                                   {product} {ergonomic}
   size_t InitialHeapSize                          = 266338304                                 {product} {ergonomic}
   size_t MarkStackSize                            = 4194304                                   {product} {ergonomic}
   size_t MaxHeapSize                              = 1073741824                                {product} {command line}
   size_t MaxNewSize                               = 643825664                                 {product} {ergonomic}
   size_t MinHeapDeltaBytes                        = 1048576                                   {product} {ergonomic}
   size_t MinHeapSize                              = 8388608                                   {product} {ergonomic}
    uintx NonNMethodCodeHeapSize                   = 5839372                                {pd product} {ergonomic}
    uintx NonProfiledCodeHeapSize                  = 122909434                              {pd product} {ergonomic}
    uintx ProfiledCodeHeapSize                     = 122909434                              {pd product} {ergonomic}
    uintx ReservedCodeCacheSize                    = 251658240                              {pd product} {ergonomic}
     bool SegmentedCodeCache                       = true                                      {product} {ergonomic}
   size_t SoftMaxHeapSize                          = 1073741824                             {manageable} {ergonomic}
     bool UseCompressedOops                        = true                           {product lp64_product} {ergonomic}
     bool UseG1GC                                  = true                                      {product} {ergonomic}
     bool UseLargePagesIndividualAllocation        = false                                  {pd product} {ergonomic}

Logging:
Log output configuration:
 #0: stdout all=warning uptime,level,tags foldmultilines=false
 #1: stderr all=off uptime,level,tags foldmultilines=false

Environment Variables:
JAVA_HOME=C:\Program Files\Java\jdk-22\bin\server
PATH=C:\Users\tpfzl\anaconda3;C:\Users\tpfzl\anaconda3\Library\mingw-w64\bin;C:\Users\tpfzl\anaconda3\Library\usr\bin;C:\Users\tpfzl\anaconda3\Library\bin;C:\Users\tpfzl\anaconda3\Scripts;C:\Program Files\Common Files\Oracle\Java\javapath;C:\Program Files\Eclipse Foundation\jdk-8.0.302.8-hotspot\bin;C:\WINDOWS\system32;C:\WINDOWS;C:\WINDOWS\System32\Wbem;C:\WINDOWS\System32\WindowsPowerShell\v1.0\;C:\WINDOWS\System32\OpenSSH\;C:\Program Files\Git\cmd;C:\Users\tpfzl\AppData\Local\Programs\Python\Launcher\;C:\Users\tpfzl\AppData\Local\Microsoft\WindowsApps;C:\Users\tpfzl\AppData\Local\GitHubDesktop\bin;C:\Users\tpfzl\anaconda3;C:\Users\tpfzl\anaconda3\Scripts;C:\Users\tpfzl\anaconda3\Library;C:\Users\tpfzl\anaconda3\Library\bin;;C:\Program Files\JetBrains\PyCharm Community Edition 2024.1\bin;;C:\Users\tpfzl\AppData\Local\Programs\Microsoft VS Code\bin
USERNAME=tpfzl
TERM=xterm-color
OS=Windows_NT
PROCESSOR_IDENTIFIER=Intel64 Family 6 Model 142 Stepping 12, GenuineIntel
TMP=C:\Users\tpfzl\AppData\Local\Temp
TEMP=C:\Users\tpfzl\AppData\Local\Temp




Periodic native trim disabled

---------------  S Y S T E M  ---------------

OS:
 Windows 11 , 64 bit Build 22621 (10.0.22621.3527)
OS uptime: 0 days 0:22 hours

CPU: total 8 (initial active 8) (4 cores per cpu, 2 threads per core) family 6 model 142 stepping 12 microcode 0xde, cx8, cmov, fxsr, ht, mmx, 3dnowpref, sse, sse2, sse3, ssse3, sse4.1, sse4.2, popcnt, lzcnt, tsc, tscinvbit, avx, avx2, aes, erms, clmul, bmi1, bmi2, adx, fma, vzeroupper, clflush, clflushopt, rdtscp, f16c
Processor Information for all 8 processors :
  Max Mhz: 2301, Current Mhz: 2301, Mhz Limit: 2301

Memory: 4k page, system-wide physical 16221M (9362M free)
TotalPageFile size 19037M (AvailPageFile size 11420M)
current process WorkingSet (physical memory assigned to process): 364M, peak: 366M
current process commit charge ("private bytes"): 511M, peak: 574M

vm_info: Java HotSpot(TM) 64-Bit Server VM (22.0.1+8-16) for windows-amd64 JRE (22.0.1+8-16), built on 2024-03-12T10:33:16Z by "mach5one" with MS VC++ 17.6 (VS2022)

END.
